2023-03-31 11:12:23.781 [info] Added views:workbench.panel.markers.view in workbench.panel.markers
2023-03-31 11:12:23.781 [info] Added views:workbench.panel.output in workbench.panel.output
2023-03-31 11:12:23.781 [info] Added views:terminal in terminal
2023-03-31 11:12:23.781 [info] Added views:outline in workbench.view.explorer
2023-03-31 11:12:23.781 [info] Added views:workbench.scm in workbench.view.scm
2023-03-31 11:12:23.781 [info] Added views:workbench.view.search in workbench.view.search
2023-03-31 11:12:23.781 [info] Added views:timeline in workbench.view.explorer
2023-03-31 11:12:23.781 [info] Added views:workbench.explorer.fileView in workbench.view.explorer
2023-03-31 11:12:27.119 [info] Added views:workbench.debug.welcome in workbench.view.debug
2023-03-31 11:12:27.267 [info] Added views:workbench.panel.repl.view in workbench.panel.repl
2023-03-31 11:12:30.046 [info] Added views:workbench.panel.comments in workbench.panel.comments
2023-03-31 11:12:52.335 [info] Added views:workbench.panel.markers.view in workbench.panel.markers
2023-03-31 11:12:52.335 [info] Added views:workbench.panel.output in workbench.panel.output
2023-03-31 11:12:52.335 [info] Added views:terminal in terminal
2023-03-31 11:12:52.335 [info] Added views:outline in workbench.view.explorer
2023-03-31 11:12:52.335 [info] Added views:workbench.scm in workbench.view.scm
2023-03-31 11:12:52.335 [info] Added views:workbench.view.search in workbench.view.search
2023-03-31 11:12:52.335 [info] Added views:timeline in workbench.view.explorer
2023-03-31 11:12:52.335 [info] Added views:workbench.explorer.emptyView in workbench.view.explorer
2023-03-31 11:12:53.282 [info] Added views:workbench.debug.variablesView,workbench.debug.watchExpressionsView,workbench.debug.callStackView,workbench.debug.breakPointsView in workbench.view.debug
2023-03-31 11:12:53.898 [info] Added views:workbench.panel.repl.view in workbench.panel.repl
2023-03-31 11:12:53.901 [info] Removed views:workbench.debug.breakPointsView,workbench.debug.callStackView,workbench.debug.watchExpressionsView,workbench.debug.variablesView from workbench.view.debug
2023-03-31 11:12:53.904 [info] Added views:workbench.debug.welcome in workbench.view.debug
2023-03-31 11:12:55.127 [info] Added views:workbench.panel.comments in workbench.panel.comments
