2023-03-31 09:53:02.132 [info] Reading sessions from keychain...
2023-03-31 09:53:02.132 [info] Getting sessions for all scopes...
2023-03-31 09:53:02.132 [info] Getting sessions for user:email...
2023-03-31 09:53:02.132 [info] Got 0 sessions for ...
2023-03-31 09:53:02.132 [info] Got 0 sessions for user:email...
2023-03-31 09:53:02.135 [info] Getting sessions for all scopes...
2023-03-31 09:53:02.135 [info] Got 0 sessions for ...
2023-03-31 09:53:03.434 [info] Getting sessions for all scopes...
2023-03-31 09:53:03.434 [info] Got 0 sessions for ...
2023-03-31 09:56:37.125 [info] Getting sessions for all scopes...
2023-03-31 09:56:37.125 [info] Got 0 sessions for ...
2023-03-31 09:56:58.454 [info] Reading sessions from keychain...
2023-03-31 09:56:58.455 [info] Getting sessions for all scopes...
2023-03-31 09:56:58.455 [info] Got 0 sessions for ...
2023-03-31 09:56:58.455 [info] Getting sessions for all scopes...
2023-03-31 09:56:58.455 [info] Got 0 sessions for ...
2023-03-31 09:56:58.455 [info] Getting sessions for user:email...
2023-03-31 09:56:58.455 [info] Got 0 sessions for user:email...
2023-03-31 09:56:58.962 [info] Getting sessions for all scopes...
2023-03-31 09:56:58.963 [info] Got 0 sessions for ...
2023-03-31 09:57:01.861 [info] Getting sessions for all scopes...
2023-03-31 09:57:01.861 [info] Got 0 sessions for ...
2023-03-31 10:04:24.506 [info] Reading sessions from keychain...
2023-03-31 10:04:24.506 [info] Getting sessions for all scopes...
2023-03-31 10:04:24.506 [info] Got 0 sessions for ...
2023-03-31 10:04:24.506 [info] Getting sessions for all scopes...
2023-03-31 10:04:24.506 [info] Got 0 sessions for ...
2023-03-31 10:04:24.506 [info] Getting sessions for user:email...
2023-03-31 10:04:24.506 [info] Got 0 sessions for user:email...
2023-03-31 10:04:24.991 [info] Getting sessions for all scopes...
2023-03-31 10:04:24.991 [info] Got 0 sessions for ...
2023-03-31 10:04:28.045 [info] Getting sessions for all scopes...
2023-03-31 10:04:28.046 [info] Got 0 sessions for ...
