2023-03-31 09:52:22.180 [info] Extension host with pid 31732 started
2023-03-31 09:52:22.336 [info] ExtensionService#_doActivateExtension vscode.git-base, startup: true, activationEvent: '*', root cause: vscode.git
2023-03-31 09:52:22.338 [info] ExtensionService#_doActivateExtension TabNine.tabnine-vscode, startup: true, activationEvent: '*'
2023-03-31 09:52:22.684 [info] ExtensionService#_doActivateExtension WallabyJs.quokka-vscode, startup: true, activationEvent: '*'
2023-03-31 09:52:23.972 [info] ExtensionService#_doActivateExtension vscode.configuration-editing, startup: false, activationEvent: 'onLanguage:jsonc'
2023-03-31 09:52:23.973 [info] ExtensionService#_doActivateExtension vscode.json-language-features, startup: false, activationEvent: 'onLanguage:jsonc'
2023-03-31 09:52:23.975 [info] ExtensionService#_doActivateExtension vscode.typescript-language-features, startup: false, activationEvent: 'onLanguage:jsonc'
2023-03-31 09:52:23.976 [info] ExtensionService#_doActivateExtension dbaeumer.vscode-eslint, startup: false, activationEvent: 'onLanguage:jsonc'
2023-03-31 09:52:24.103 [info] ExtensionService#_doActivateExtension vscode.emmet, startup: false, activationEvent: 'onLanguage'
2023-03-31 09:52:29.442 [info] ExtensionService#_doActivateExtension vscode.github-authentication, startup: false, activationEvent: 'onAuthenticationRequest:github'
2023-03-31 09:52:29.914 [info] ExtensionService#_doActivateExtension vscode.git, startup: true, activationEvent: '*'
2023-03-31 09:52:29.916 [info] ExtensionService#_doActivateExtension vscode.github, startup: true, activationEvent: '*'
2023-03-31 09:52:32.284 [info] ExtensionService#_doActivateExtension vscode.debug-auto-launch, startup: false, activationEvent: 'onStartupFinished'
2023-03-31 09:52:32.286 [info] ExtensionService#_doActivateExtension vscode.merge-conflict, startup: false, activationEvent: 'onStartupFinished'
2023-03-31 09:52:32.287 [info] ExtensionService#_doActivateExtension ms-vscode-remote.remote-wsl-recommender, startup: false, activationEvent: 'onStartupFinished'
2023-03-31 09:52:32.756 [info] ExtensionService#_doActivateExtension vscode.microsoft-authentication, startup: false, activationEvent: 'onAuthenticationRequest:microsoft'
2023-03-31 09:52:32.758 [error] No bundle location found for extension ms-vscode-remote.remote-wsl-recommender
2023-03-31 09:52:32.968 [info] Eager extensions activated
2023-03-31 09:52:53.570 [info] Extension host terminating: renderer closed the MessagePort
2023-03-31 09:52:53.594 [error] Canceled: Canceled
	at new l (d:\Downloads\VSCode-win32-ia32-1.77.0\resources\app\out\vs\workbench\api\node\extensionHostProcess.js:98:105190)
	at c.O (d:\Downloads\VSCode-win32-ia32-1.77.0\resources\app\out\vs\workbench\api\node\extensionHostProcess.js:108:11692)
	at G.<computed>.Q.charCodeAt.G.<computed> (d:\Downloads\VSCode-win32-ia32-1.77.0\resources\app\out\vs\workbench\api\node\extensionHostProcess.js:108:8967)
	at m.g (d:\Downloads\VSCode-win32-ia32-1.77.0\resources\app\out\vs\workbench\api\node\extensionHostProcess.js:98:125211)
	at m.executeCommand (d:\Downloads\VSCode-win32-ia32-1.77.0\resources\app\out\vs\workbench\api\node\extensionHostProcess.js:98:124587)
	at L.registerCommand.description (d:\Downloads\VSCode-win32-ia32-1.77.0\resources\app\out\vs\workbench\api\node\extensionHostProcess.js:98:123880)
	at m.h (d:\Downloads\VSCode-win32-ia32-1.77.0\resources\app\out\vs\workbench\api\node\extensionHostProcess.js:98:125797)
	at m.g (d:\Downloads\VSCode-win32-ia32-1.77.0\resources\app\out\vs\workbench\api\node\extensionHostProcess.js:98:124687)
	at m.executeCommand (d:\Downloads\VSCode-win32-ia32-1.77.0\resources\app\out\vs\workbench\api\node\extensionHostProcess.js:98:124587)
	at Object.executeCommand (d:\Downloads\VSCode-win32-ia32-1.77.0\resources\app\out\vs\workbench\api\node\extensionHostProcess.js:114:23801)
	at Object.dispose (d:\Downloads\VSCode-win32-ia32-1.77.0\data\extensions\tabnine.tabnine-vscode-3.6.43\out\extension.js:17:100996)
	at d:\Downloads\VSCode-win32-ia32-1.77.0\data\extensions\tabnine.tabnine-vscode-3.6.43\out\extension.js:17:30354
	at Array.forEach (<anonymous>)
	at f (d:\Downloads\VSCode-win32-ia32-1.77.0\data\extensions\tabnine.tabnine-vscode-3.6.43\out\extension.js:17:30339)
	at Object.dispose (d:\Downloads\VSCode-win32-ia32-1.77.0\data\extensions\tabnine.tabnine-vscode-3.6.43\out\extension.js:17:29757)
	at C (d:\Downloads\VSCode-win32-ia32-1.77.0\resources\app\out\vs\workbench\api\node\extensionHostProcess.js:10:12084)
	at E.Y (d:\Downloads\VSCode-win32-ia32-1.77.0\resources\app\out\vs\workbench\api\node\extensionHostProcess.js:110:11147)
	at d:\Downloads\VSCode-win32-ia32-1.77.0\resources\app\out\vs\workbench\api\node\extensionHostProcess.js:110:9131
	at Array.map (<anonymous>)
	at E.R (d:\Downloads\VSCode-win32-ia32-1.77.0\resources\app\out\vs\workbench\api\node\extensionHostProcess.js:110:9118)
	at E.terminate (d:\Downloads\VSCode-win32-ia32-1.77.0\resources\app\out\vs\workbench\api\node\extensionHostProcess.js:110:9389)
	at d.terminate (d:\Downloads\VSCode-win32-ia32-1.77.0\resources\app\out\vs\workbench\api\node\extensionHostProcess.js:114:1544)
	at p (d:\Downloads\VSCode-win32-ia32-1.77.0\resources\app\out\vs\workbench\api\node\extensionHostProcess.js:124:18690)
	at MessagePortMain.<anonymous> (d:\Downloads\VSCode-win32-ia32-1.77.0\resources\app\out\vs\workbench\api\node\extensionHostProcess.js:124:14829)
	at MessagePortMain.emit (node:events:526:28)
	at MessagePortMain._internalPort.emit (node:electron/js2c/utility_init:5:364) setContext undefined
2023-03-31 09:52:53.595 [error] Canceled: Canceled
	at new l (d:\Downloads\VSCode-win32-ia32-1.77.0\resources\app\out\vs\workbench\api\node\extensionHostProcess.js:98:105190)
	at c.O (d:\Downloads\VSCode-win32-ia32-1.77.0\resources\app\out\vs\workbench\api\node\extensionHostProcess.js:108:11692)
	at G.<computed>.Q.charCodeAt.G.<computed> (d:\Downloads\VSCode-win32-ia32-1.77.0\resources\app\out\vs\workbench\api\node\extensionHostProcess.js:108:8967)
	at m.g (d:\Downloads\VSCode-win32-ia32-1.77.0\resources\app\out\vs\workbench\api\node\extensionHostProcess.js:98:125211)
	at m.executeCommand (d:\Downloads\VSCode-win32-ia32-1.77.0\resources\app\out\vs\workbench\api\node\extensionHostProcess.js:98:124587)
	at L.registerCommand.description (d:\Downloads\VSCode-win32-ia32-1.77.0\resources\app\out\vs\workbench\api\node\extensionHostProcess.js:98:123880)
	at m.h (d:\Downloads\VSCode-win32-ia32-1.77.0\resources\app\out\vs\workbench\api\node\extensionHostProcess.js:98:125797)
	at m.g (d:\Downloads\VSCode-win32-ia32-1.77.0\resources\app\out\vs\workbench\api\node\extensionHostProcess.js:98:124687)
	at m.executeCommand (d:\Downloads\VSCode-win32-ia32-1.77.0\resources\app\out\vs\workbench\api\node\extensionHostProcess.js:98:124587)
	at Object.executeCommand (d:\Downloads\VSCode-win32-ia32-1.77.0\resources\app\out\vs\workbench\api\node\extensionHostProcess.js:114:23801)
	at Object.dispose (d:\Downloads\VSCode-win32-ia32-1.77.0\data\extensions\wallabyjs.quokka-vscode-1.0.529\dist\index.js:6:72826)
	at d:\Downloads\VSCode-win32-ia32-1.77.0\data\extensions\wallabyjs.quokka-vscode-1.0.529\dist\index.js:6:13435
	at Array.forEach (<anonymous>)
	at t.exports.dispose (d:\Downloads\VSCode-win32-ia32-1.77.0\data\extensions\wallabyjs.quokka-vscode-1.0.529\dist\index.js:6:13422)
	at P.deactivate (d:\Downloads\VSCode-win32-ia32-1.77.0\data\extensions\wallabyjs.quokka-vscode-1.0.529\dist\index.js:6:74093)
	at Object.dispose (d:\Downloads\VSCode-win32-ia32-1.77.0\data\extensions\wallabyjs.quokka-vscode-1.0.529\dist\index.js:6:1096)
	at d:\Downloads\VSCode-win32-ia32-1.77.0\data\extensions\wallabyjs.quokka-vscode-1.0.529\dist\index.js:6:13435
	at Array.forEach (<anonymous>)
	at t.exports.dispose (d:\Downloads\VSCode-win32-ia32-1.77.0\data\extensions\wallabyjs.quokka-vscode-1.0.529\dist\index.js:6:13422)
	at h.deactivate (d:\Downloads\VSCode-win32-ia32-1.77.0\data\extensions\wallabyjs.quokka-vscode-1.0.529\dist\index.js:6:3331)
	at Object.dispose (d:\Downloads\VSCode-win32-ia32-1.77.0\data\extensions\wallabyjs.quokka-vscode-1.0.529\dist\index.js:6:3406)
	at C (d:\Downloads\VSCode-win32-ia32-1.77.0\resources\app\out\vs\workbench\api\node\extensionHostProcess.js:10:12084)
	at E.Y (d:\Downloads\VSCode-win32-ia32-1.77.0\resources\app\out\vs\workbench\api\node\extensionHostProcess.js:110:11147)
	at d:\Downloads\VSCode-win32-ia32-1.77.0\resources\app\out\vs\workbench\api\node\extensionHostProcess.js:110:9131
	at Array.map (<anonymous>)
	at E.R (d:\Downloads\VSCode-win32-ia32-1.77.0\resources\app\out\vs\workbench\api\node\extensionHostProcess.js:110:9118)
	at E.terminate (d:\Downloads\VSCode-win32-ia32-1.77.0\resources\app\out\vs\workbench\api\node\extensionHostProcess.js:110:9389)
	at d.terminate (d:\Downloads\VSCode-win32-ia32-1.77.0\resources\app\out\vs\workbench\api\node\extensionHostProcess.js:114:1544)
	at p (d:\Downloads\VSCode-win32-ia32-1.77.0\resources\app\out\vs\workbench\api\node\extensionHostProcess.js:124:18690)
	at MessagePortMain.<anonymous> (d:\Downloads\VSCode-win32-ia32-1.77.0\resources\app\out\vs\workbench\api\node\extensionHostProcess.js:124:14829)
	at MessagePortMain.emit (node:events:526:28)
	at MessagePortMain._internalPort.emit (node:electron/js2c/utility_init:5:364) setContext undefined
2023-03-31 09:52:53.928 [info] Extension host with pid 31732 exiting with code 0
