2023-03-31 09:45:58.010 [info] Extension host with pid 10360 started
2023-03-31 09:45:58.222 [info] ExtensionService#_doActivateExtension vscode.git-base, startup: true, activationEvent: '*', root cause: vscode.git
2023-03-31 09:45:58.525 [info] ExtensionService#_doActivateExtension vscode.git, startup: true, activationEvent: '*'
2023-03-31 09:45:58.526 [info] ExtensionService#_doActivateExtension vscode.github, startup: true, activationEvent: '*'
2023-03-31 09:45:58.636 [info] ExtensionService#_doActivateExtension vscode.github-authentication, startup: false, activationEvent: 'onAuthenticationRequest:github'
2023-03-31 09:45:58.945 [info] ExtensionService#_doActivateExtension vscode.microsoft-authentication, startup: false, activationEvent: 'onAuthenticationRequest:microsoft'
2023-03-31 09:45:58.981 [info] Eager extensions activated
2023-03-31 09:45:59.028 [info] ExtensionService#_doActivateExtension vscode.debug-auto-launch, startup: false, activationEvent: 'onStartupFinished'
2023-03-31 09:45:59.029 [info] ExtensionService#_doActivateExtension vscode.merge-conflict, startup: false, activationEvent: 'onStartupFinished'
2023-03-31 09:45:59.030 [info] ExtensionService#_doActivateExtension ms-vscode-remote.remote-wsl-recommender, startup: false, activationEvent: 'onStartupFinished'
2023-03-31 09:45:59.798 [error] No bundle location found for extension ms-vscode-remote.remote-wsl-recommender
2023-03-31 09:46:00.129 [info] ExtensionService#_doActivateExtension vscode.emmet, startup: false, activationEvent: 'onLanguage'
2023-03-31 09:48:33.366 [info] ExtensionService#_doActivateExtension TabNine.tabnine-vscode, startup: false, activationEvent: '*'
2023-03-31 09:48:33.788 [info] ExtensionService#_doActivateExtension dbaeumer.vscode-eslint, startup: false, activationEvent: 'onStartupFinished'
2023-03-31 09:48:33.944 [info] ExtensionService#_doActivateExtension vscode.npm, startup: false, activationEvent: 'onStartupFinished', root cause: esbenp.prettier-vscode
2023-03-31 09:48:33.945 [info] ExtensionService#_doActivateExtension ritwickdey.LiveServer, startup: false, activationEvent: 'onStartupFinished'
2023-03-31 09:48:34.138 [info] ExtensionService#_doActivateExtension WallabyJs.quokka-vscode, startup: false, activationEvent: '*'
2023-03-31 09:48:35.874 [info] ExtensionService#_doActivateExtension vscode.configuration-editing, startup: false, activationEvent: 'onLanguage:jsonc'
2023-03-31 09:48:35.875 [info] ExtensionService#_doActivateExtension vscode.json-language-features, startup: false, activationEvent: 'onLanguage:jsonc'
2023-03-31 09:48:35.876 [info] ExtensionService#_doActivateExtension vscode.typescript-language-features, startup: false, activationEvent: 'onLanguage:jsonc'
2023-03-31 09:48:39.719 [info] ExtensionService#_doActivateExtension esbenp.prettier-vscode, startup: false, activationEvent: 'onStartupFinished'
2023-03-31 09:50:01.814 [info] ExtensionService#_doActivateExtension eamodio.gitlens, startup: false, activationEvent: 'onWalkthrough:gitlens.welcome'
2023-03-31 09:50:02.151 [info] ExtensionService#_doActivateExtension ecmel.vscode-html-css, startup: false, activationEvent: '*'
2023-03-31 09:50:02.379 [info] ExtensionService#_doActivateExtension formulahendry.code-runner, startup: false, activationEvent: 'onStartupFinished'
2023-03-31 09:50:03.196 [info] ExtensionService#_doActivateExtension aaron-bond.better-comments, startup: false, activationEvent: 'onStartupFinished'
2023-03-31 09:50:03.347 [info] ExtensionService#_doActivateExtension EditorConfig.EditorConfig, startup: false, activationEvent: '*'
2023-03-31 09:50:03.760 [info] ExtensionService#_doActivateExtension usernamehw.errorlens, startup: false, activationEvent: 'onStartupFinished'
2023-03-31 09:50:03.807 [info] ExtensionService#_doActivateExtension christian-kohler.path-intellisense, startup: false, activationEvent: '*'
2023-03-31 09:50:04.165 [info] ExtensionService#_doActivateExtension formulahendry.auto-rename-tag, startup: false, activationEvent: '*'
2023-03-31 09:50:04.284 [info] ExtensionService#_doActivateExtension ctf0.macros, startup: false, activationEvent: '*'
2023-03-31 09:50:04.315 [info] ExtensionService#_doActivateExtension ryu1kn.partial-diff, startup: false, activationEvent: 'onStartupFinished'
2023-03-31 09:50:04.396 [info] ExtensionService#_doActivateExtension formulahendry.auto-close-tag, startup: false, activationEvent: '*'
2023-03-31 09:50:04.417 [info] ExtensionService#_doActivateExtension albert.TabOut, startup: false, activationEvent: '*'
2023-03-31 09:50:04.485 [info] ExtensionService#_doActivateExtension yatki.vscode-surround, startup: false, activationEvent: '*'
2023-03-31 09:50:04.508 [info] ExtensionService#_doActivateExtension vsls-contrib.gistfs, startup: false, activationEvent: '*'
2023-03-31 09:50:04.776 [info] ExtensionService#_doActivateExtension ms-edgedevtools.vscode-edge-devtools, startup: false, activationEvent: 'onStartupFinished'
2023-03-31 09:50:06.665 [info] ExtensionService#_doActivateExtension ExodiusStudios.comment-anchors, startup: false, activationEvent: 'onStartupFinished'
2023-03-31 09:50:07.395 [info] ExtensionService#_doActivateExtension mishkinf.goto-next-previous-member, startup: false, activationEvent: 'onStartupFinished'
2023-03-31 09:50:07.422 [info] ExtensionService#_doActivateExtension ms-vsliveshare.vsliveshare, startup: false, activationEvent: 'onStartupFinished'
2023-03-31 09:51:20.283 [info] ExtensionService#_doActivateExtension inu1255.easy-snippet, startup: false, activationEvent: 'onView:snippetExplorer'
2023-03-31 09:51:27.605 [info] ExtensionService#_doActivateExtension dionmunk.vscode-notes, startup: false, activationEvent: 'onView:notes'
2023-03-31 09:52:11.704 [info] Extension host terminating: renderer closed the MessagePort
2023-03-31 09:52:11.786 [error] Canceled: Canceled
    at new l (d:\Downloads\VSCode-win32-ia32-1.77.0\resources\app\out\vs\workbench\api\node\extensionHostProcess.js:98:105190)
    at c.O (d:\Downloads\VSCode-win32-ia32-1.77.0\resources\app\out\vs\workbench\api\node\extensionHostProcess.js:108:11692)
    at Proxy.G.<computed>.Q.charCodeAt.G.<computed> (d:\Downloads\VSCode-win32-ia32-1.77.0\resources\app\out\vs\workbench\api\node\extensionHostProcess.js:108:8967)
    at m.g (d:\Downloads\VSCode-win32-ia32-1.77.0\resources\app\out\vs\workbench\api\node\extensionHostProcess.js:98:125211)
    at m.executeCommand (d:\Downloads\VSCode-win32-ia32-1.77.0\resources\app\out\vs\workbench\api\node\extensionHostProcess.js:98:124587)
    at L.registerCommand.description (d:\Downloads\VSCode-win32-ia32-1.77.0\resources\app\out\vs\workbench\api\node\extensionHostProcess.js:98:123880)
    at m.h (d:\Downloads\VSCode-win32-ia32-1.77.0\resources\app\out\vs\workbench\api\node\extensionHostProcess.js:98:125797)
    at m.g (d:\Downloads\VSCode-win32-ia32-1.77.0\resources\app\out\vs\workbench\api\node\extensionHostProcess.js:98:124687)
    at m.executeCommand (d:\Downloads\VSCode-win32-ia32-1.77.0\resources\app\out\vs\workbench\api\node\extensionHostProcess.js:98:124587)
    at Object.executeCommand (d:\Downloads\VSCode-win32-ia32-1.77.0\resources\app\out\vs\workbench\api\node\extensionHostProcess.js:114:23801)
    at c (d:\Downloads\VSCode-win32-ia32-1.77.0\data\extensions\eamodio.gitlens-13.4.0\dist\gitlens.js:1:988555)
    at ActionRunners._updateContextKeys (d:\Downloads\VSCode-win32-ia32-1.77.0\data\extensions\eamodio.gitlens-13.4.0\dist\gitlens.js:1:7346)
    at r (d:\Downloads\VSCode-win32-ia32-1.77.0\data\extensions\eamodio.gitlens-13.4.0\dist\gitlens.js:1:5765)
    at RegisteredActionRunner.unregister (d:\Downloads\VSCode-win32-ia32-1.77.0\data\extensions\eamodio.gitlens-13.4.0\dist\gitlens.js:1:5909)
    at RegisteredActionRunner.dispose (d:\Downloads\VSCode-win32-ia32-1.77.0\data\extensions\eamodio.gitlens-13.4.0\dist\gitlens.js:1:4574)
    at ActionRunners.dispose (d:\Downloads\VSCode-win32-ia32-1.77.0\data\extensions\eamodio.gitlens-13.4.0\dist\gitlens.js:1:5351)
    at C (d:\Downloads\VSCode-win32-ia32-1.77.0\resources\app\out\vs\workbench\api\node\extensionHostProcess.js:10:12084)
    at E.Y (d:\Downloads\VSCode-win32-ia32-1.77.0\resources\app\out\vs\workbench\api\node\extensionHostProcess.js:110:11147)
    at d:\Downloads\VSCode-win32-ia32-1.77.0\resources\app\out\vs\workbench\api\node\extensionHostProcess.js:110:9131
    at Array.map (<anonymous>)
    at E.R (d:\Downloads\VSCode-win32-ia32-1.77.0\resources\app\out\vs\workbench\api\node\extensionHostProcess.js:110:9118)
    at E.terminate (d:\Downloads\VSCode-win32-ia32-1.77.0\resources\app\out\vs\workbench\api\node\extensionHostProcess.js:110:9389)
    at d.terminate (d:\Downloads\VSCode-win32-ia32-1.77.0\resources\app\out\vs\workbench\api\node\extensionHostProcess.js:114:1544)
    at p (d:\Downloads\VSCode-win32-ia32-1.77.0\resources\app\out\vs\workbench\api\node\extensionHostProcess.js:124:18690)
    at MessagePortMain.<anonymous> (d:\Downloads\VSCode-win32-ia32-1.77.0\resources\app\out\vs\workbench\api\node\extensionHostProcess.js:124:14829)
    at MessagePortMain.emit (node:events:526:28)
    at Object.MessagePortMain._internalPort.emit (node:electron/js2c/utility_init:5:364) setContext undefined
2023-03-31 09:52:11.787 [error] Canceled: Canceled
    at new l (d:\Downloads\VSCode-win32-ia32-1.77.0\resources\app\out\vs\workbench\api\node\extensionHostProcess.js:98:105190)
    at c.O (d:\Downloads\VSCode-win32-ia32-1.77.0\resources\app\out\vs\workbench\api\node\extensionHostProcess.js:108:11692)
    at Proxy.G.<computed>.Q.charCodeAt.G.<computed> (d:\Downloads\VSCode-win32-ia32-1.77.0\resources\app\out\vs\workbench\api\node\extensionHostProcess.js:108:8967)
    at m.g (d:\Downloads\VSCode-win32-ia32-1.77.0\resources\app\out\vs\workbench\api\node\extensionHostProcess.js:98:125211)
    at m.executeCommand (d:\Downloads\VSCode-win32-ia32-1.77.0\resources\app\out\vs\workbench\api\node\extensionHostProcess.js:98:124587)
    at L.registerCommand.description (d:\Downloads\VSCode-win32-ia32-1.77.0\resources\app\out\vs\workbench\api\node\extensionHostProcess.js:98:123880)
    at m.h (d:\Downloads\VSCode-win32-ia32-1.77.0\resources\app\out\vs\workbench\api\node\extensionHostProcess.js:98:125797)
    at m.g (d:\Downloads\VSCode-win32-ia32-1.77.0\resources\app\out\vs\workbench\api\node\extensionHostProcess.js:98:124687)
    at m.executeCommand (d:\Downloads\VSCode-win32-ia32-1.77.0\resources\app\out\vs\workbench\api\node\extensionHostProcess.js:98:124587)
    at Object.executeCommand (d:\Downloads\VSCode-win32-ia32-1.77.0\resources\app\out\vs\workbench\api\node\extensionHostProcess.js:114:23801)
    at c (d:\Downloads\VSCode-win32-ia32-1.77.0\data\extensions\eamodio.gitlens-13.4.0\dist\gitlens.js:1:988555)
    at ActionRunners._updateContextKeys (d:\Downloads\VSCode-win32-ia32-1.77.0\data\extensions\eamodio.gitlens-13.4.0\dist\gitlens.js:1:7346)
    at r (d:\Downloads\VSCode-win32-ia32-1.77.0\data\extensions\eamodio.gitlens-13.4.0\dist\gitlens.js:1:5765)
    at RegisteredActionRunner.unregister (d:\Downloads\VSCode-win32-ia32-1.77.0\data\extensions\eamodio.gitlens-13.4.0\dist\gitlens.js:1:5909)
    at RegisteredActionRunner.dispose (d:\Downloads\VSCode-win32-ia32-1.77.0\data\extensions\eamodio.gitlens-13.4.0\dist\gitlens.js:1:4574)
    at ActionRunners.dispose (d:\Downloads\VSCode-win32-ia32-1.77.0\data\extensions\eamodio.gitlens-13.4.0\dist\gitlens.js:1:5351)
    at C (d:\Downloads\VSCode-win32-ia32-1.77.0\resources\app\out\vs\workbench\api\node\extensionHostProcess.js:10:12084)
    at E.Y (d:\Downloads\VSCode-win32-ia32-1.77.0\resources\app\out\vs\workbench\api\node\extensionHostProcess.js:110:11147)
    at d:\Downloads\VSCode-win32-ia32-1.77.0\resources\app\out\vs\workbench\api\node\extensionHostProcess.js:110:9131
    at Array.map (<anonymous>)
    at E.R (d:\Downloads\VSCode-win32-ia32-1.77.0\resources\app\out\vs\workbench\api\node\extensionHostProcess.js:110:9118)
    at E.terminate (d:\Downloads\VSCode-win32-ia32-1.77.0\resources\app\out\vs\workbench\api\node\extensionHostProcess.js:110:9389)
    at d.terminate (d:\Downloads\VSCode-win32-ia32-1.77.0\resources\app\out\vs\workbench\api\node\extensionHostProcess.js:114:1544)
    at p (d:\Downloads\VSCode-win32-ia32-1.77.0\resources\app\out\vs\workbench\api\node\extensionHostProcess.js:124:18690)
    at MessagePortMain.<anonymous> (d:\Downloads\VSCode-win32-ia32-1.77.0\resources\app\out\vs\workbench\api\node\extensionHostProcess.js:124:14829)
    at MessagePortMain.emit (node:events:526:28)
    at Object.MessagePortMain._internalPort.emit (node:electron/js2c/utility_init:5:364) setContext undefined
2023-03-31 09:52:11.788 [error] Canceled: Canceled
    at new l (d:\Downloads\VSCode-win32-ia32-1.77.0\resources\app\out\vs\workbench\api\node\extensionHostProcess.js:98:105190)
    at c.O (d:\Downloads\VSCode-win32-ia32-1.77.0\resources\app\out\vs\workbench\api\node\extensionHostProcess.js:108:11692)
    at Proxy.G.<computed>.Q.charCodeAt.G.<computed> (d:\Downloads\VSCode-win32-ia32-1.77.0\resources\app\out\vs\workbench\api\node\extensionHostProcess.js:108:8967)
    at m.g (d:\Downloads\VSCode-win32-ia32-1.77.0\resources\app\out\vs\workbench\api\node\extensionHostProcess.js:98:125211)
    at m.executeCommand (d:\Downloads\VSCode-win32-ia32-1.77.0\resources\app\out\vs\workbench\api\node\extensionHostProcess.js:98:124587)
    at L.registerCommand.description (d:\Downloads\VSCode-win32-ia32-1.77.0\resources\app\out\vs\workbench\api\node\extensionHostProcess.js:98:123880)
    at m.h (d:\Downloads\VSCode-win32-ia32-1.77.0\resources\app\out\vs\workbench\api\node\extensionHostProcess.js:98:125797)
    at m.g (d:\Downloads\VSCode-win32-ia32-1.77.0\resources\app\out\vs\workbench\api\node\extensionHostProcess.js:98:124687)
    at m.executeCommand (d:\Downloads\VSCode-win32-ia32-1.77.0\resources\app\out\vs\workbench\api\node\extensionHostProcess.js:98:124587)
    at Object.executeCommand (d:\Downloads\VSCode-win32-ia32-1.77.0\resources\app\out\vs\workbench\api\node\extensionHostProcess.js:114:23801)
    at c (d:\Downloads\VSCode-win32-ia32-1.77.0\data\extensions\eamodio.gitlens-13.4.0\dist\gitlens.js:1:988555)
    at ActionRunners._updateContextKeys (d:\Downloads\VSCode-win32-ia32-1.77.0\data\extensions\eamodio.gitlens-13.4.0\dist\gitlens.js:1:7346)
    at r (d:\Downloads\VSCode-win32-ia32-1.77.0\data\extensions\eamodio.gitlens-13.4.0\dist\gitlens.js:1:5765)
    at RegisteredActionRunner.unregister (d:\Downloads\VSCode-win32-ia32-1.77.0\data\extensions\eamodio.gitlens-13.4.0\dist\gitlens.js:1:5909)
    at RegisteredActionRunner.dispose (d:\Downloads\VSCode-win32-ia32-1.77.0\data\extensions\eamodio.gitlens-13.4.0\dist\gitlens.js:1:4574)
    at ActionRunners.dispose (d:\Downloads\VSCode-win32-ia32-1.77.0\data\extensions\eamodio.gitlens-13.4.0\dist\gitlens.js:1:5351)
    at C (d:\Downloads\VSCode-win32-ia32-1.77.0\resources\app\out\vs\workbench\api\node\extensionHostProcess.js:10:12084)
    at E.Y (d:\Downloads\VSCode-win32-ia32-1.77.0\resources\app\out\vs\workbench\api\node\extensionHostProcess.js:110:11147)
    at d:\Downloads\VSCode-win32-ia32-1.77.0\resources\app\out\vs\workbench\api\node\extensionHostProcess.js:110:9131
    at Array.map (<anonymous>)
    at E.R (d:\Downloads\VSCode-win32-ia32-1.77.0\resources\app\out\vs\workbench\api\node\extensionHostProcess.js:110:9118)
    at E.terminate (d:\Downloads\VSCode-win32-ia32-1.77.0\resources\app\out\vs\workbench\api\node\extensionHostProcess.js:110:9389)
    at d.terminate (d:\Downloads\VSCode-win32-ia32-1.77.0\resources\app\out\vs\workbench\api\node\extensionHostProcess.js:114:1544)
    at p (d:\Downloads\VSCode-win32-ia32-1.77.0\resources\app\out\vs\workbench\api\node\extensionHostProcess.js:124:18690)
    at MessagePortMain.<anonymous> (d:\Downloads\VSCode-win32-ia32-1.77.0\resources\app\out\vs\workbench\api\node\extensionHostProcess.js:124:14829)
    at MessagePortMain.emit (node:events:526:28)
    at Object.MessagePortMain._internalPort.emit (node:electron/js2c/utility_init:5:364) setContext undefined
2023-03-31 09:52:11.789 [error] Canceled: Canceled
    at new l (d:\Downloads\VSCode-win32-ia32-1.77.0\resources\app\out\vs\workbench\api\node\extensionHostProcess.js:98:105190)
    at c.O (d:\Downloads\VSCode-win32-ia32-1.77.0\resources\app\out\vs\workbench\api\node\extensionHostProcess.js:108:11692)
    at Proxy.G.<computed>.Q.charCodeAt.G.<computed> (d:\Downloads\VSCode-win32-ia32-1.77.0\resources\app\out\vs\workbench\api\node\extensionHostProcess.js:108:8967)
    at m.g (d:\Downloads\VSCode-win32-ia32-1.77.0\resources\app\out\vs\workbench\api\node\extensionHostProcess.js:98:125211)
    at m.executeCommand (d:\Downloads\VSCode-win32-ia32-1.77.0\resources\app\out\vs\workbench\api\node\extensionHostProcess.js:98:124587)
    at L.registerCommand.description (d:\Downloads\VSCode-win32-ia32-1.77.0\resources\app\out\vs\workbench\api\node\extensionHostProcess.js:98:123880)
    at m.h (d:\Downloads\VSCode-win32-ia32-1.77.0\resources\app\out\vs\workbench\api\node\extensionHostProcess.js:98:125797)
    at m.g (d:\Downloads\VSCode-win32-ia32-1.77.0\resources\app\out\vs\workbench\api\node\extensionHostProcess.js:98:124687)
    at m.executeCommand (d:\Downloads\VSCode-win32-ia32-1.77.0\resources\app\out\vs\workbench\api\node\extensionHostProcess.js:98:124587)
    at Object.executeCommand (d:\Downloads\VSCode-win32-ia32-1.77.0\resources\app\out\vs\workbench\api\node\extensionHostProcess.js:114:23801)
    at c (d:\Downloads\VSCode-win32-ia32-1.77.0\data\extensions\eamodio.gitlens-13.4.0\dist\gitlens.js:1:988555)
    at ActionRunners._updateContextKeys (d:\Downloads\VSCode-win32-ia32-1.77.0\data\extensions\eamodio.gitlens-13.4.0\dist\gitlens.js:1:7346)
    at r (d:\Downloads\VSCode-win32-ia32-1.77.0\data\extensions\eamodio.gitlens-13.4.0\dist\gitlens.js:1:5765)
    at RegisteredActionRunner.unregister (d:\Downloads\VSCode-win32-ia32-1.77.0\data\extensions\eamodio.gitlens-13.4.0\dist\gitlens.js:1:5909)
    at RegisteredActionRunner.dispose (d:\Downloads\VSCode-win32-ia32-1.77.0\data\extensions\eamodio.gitlens-13.4.0\dist\gitlens.js:1:4574)
    at Object.dispose (d:\Downloads\VSCode-win32-ia32-1.77.0\data\extensions\eamodio.gitlens-13.4.0\dist\gitlens.js:1:6006)
    at C (d:\Downloads\VSCode-win32-ia32-1.77.0\resources\app\out\vs\workbench\api\node\extensionHostProcess.js:10:12084)
    at E.Y (d:\Downloads\VSCode-win32-ia32-1.77.0\resources\app\out\vs\workbench\api\node\extensionHostProcess.js:110:11147)
    at d:\Downloads\VSCode-win32-ia32-1.77.0\resources\app\out\vs\workbench\api\node\extensionHostProcess.js:110:9131
    at Array.map (<anonymous>)
    at E.R (d:\Downloads\VSCode-win32-ia32-1.77.0\resources\app\out\vs\workbench\api\node\extensionHostProcess.js:110:9118)
    at E.terminate (d:\Downloads\VSCode-win32-ia32-1.77.0\resources\app\out\vs\workbench\api\node\extensionHostProcess.js:110:9389)
    at d.terminate (d:\Downloads\VSCode-win32-ia32-1.77.0\resources\app\out\vs\workbench\api\node\extensionHostProcess.js:114:1544)
    at p (d:\Downloads\VSCode-win32-ia32-1.77.0\resources\app\out\vs\workbench\api\node\extensionHostProcess.js:124:18690)
    at MessagePortMain.<anonymous> (d:\Downloads\VSCode-win32-ia32-1.77.0\resources\app\out\vs\workbench\api\node\extensionHostProcess.js:124:14829)
    at MessagePortMain.emit (node:events:526:28)
    at Object.MessagePortMain._internalPort.emit (node:electron/js2c/utility_init:5:364) setContext undefined
2023-03-31 09:52:11.790 [error] Canceled: Canceled
    at new l (d:\Downloads\VSCode-win32-ia32-1.77.0\resources\app\out\vs\workbench\api\node\extensionHostProcess.js:98:105190)
    at c.O (d:\Downloads\VSCode-win32-ia32-1.77.0\resources\app\out\vs\workbench\api\node\extensionHostProcess.js:108:11692)
    at Proxy.G.<computed>.Q.charCodeAt.G.<computed> (d:\Downloads\VSCode-win32-ia32-1.77.0\resources\app\out\vs\workbench\api\node\extensionHostProcess.js:108:8967)
    at m.g (d:\Downloads\VSCode-win32-ia32-1.77.0\resources\app\out\vs\workbench\api\node\extensionHostProcess.js:98:125211)
    at m.executeCommand (d:\Downloads\VSCode-win32-ia32-1.77.0\resources\app\out\vs\workbench\api\node\extensionHostProcess.js:98:124587)
    at L.registerCommand.description (d:\Downloads\VSCode-win32-ia32-1.77.0\resources\app\out\vs\workbench\api\node\extensionHostProcess.js:98:123880)
    at m.h (d:\Downloads\VSCode-win32-ia32-1.77.0\resources\app\out\vs\workbench\api\node\extensionHostProcess.js:98:125797)
    at m.g (d:\Downloads\VSCode-win32-ia32-1.77.0\resources\app\out\vs\workbench\api\node\extensionHostProcess.js:98:124687)
    at m.executeCommand (d:\Downloads\VSCode-win32-ia32-1.77.0\resources\app\out\vs\workbench\api\node\extensionHostProcess.js:98:124587)
    at Object.executeCommand (d:\Downloads\VSCode-win32-ia32-1.77.0\resources\app\out\vs\workbench\api\node\extensionHostProcess.js:114:23801)
    at c (d:\Downloads\VSCode-win32-ia32-1.77.0\data\extensions\eamodio.gitlens-13.4.0\dist\gitlens.js:1:988555)
    at ActionRunners._updateContextKeys (d:\Downloads\VSCode-win32-ia32-1.77.0\data\extensions\eamodio.gitlens-13.4.0\dist\gitlens.js:1:7346)
    at r (d:\Downloads\VSCode-win32-ia32-1.77.0\data\extensions\eamodio.gitlens-13.4.0\dist\gitlens.js:1:5765)
    at RegisteredActionRunner.unregister (d:\Downloads\VSCode-win32-ia32-1.77.0\data\extensions\eamodio.gitlens-13.4.0\dist\gitlens.js:1:5909)
    at RegisteredActionRunner.dispose (d:\Downloads\VSCode-win32-ia32-1.77.0\data\extensions\eamodio.gitlens-13.4.0\dist\gitlens.js:1:4574)
    at Object.dispose (d:\Downloads\VSCode-win32-ia32-1.77.0\data\extensions\eamodio.gitlens-13.4.0\dist\gitlens.js:1:6006)
    at C (d:\Downloads\VSCode-win32-ia32-1.77.0\resources\app\out\vs\workbench\api\node\extensionHostProcess.js:10:12084)
    at E.Y (d:\Downloads\VSCode-win32-ia32-1.77.0\resources\app\out\vs\workbench\api\node\extensionHostProcess.js:110:11147)
    at d:\Downloads\VSCode-win32-ia32-1.77.0\resources\app\out\vs\workbench\api\node\extensionHostProcess.js:110:9131
    at Array.map (<anonymous>)
    at E.R (d:\Downloads\VSCode-win32-ia32-1.77.0\resources\app\out\vs\workbench\api\node\extensionHostProcess.js:110:9118)
    at E.terminate (d:\Downloads\VSCode-win32-ia32-1.77.0\resources\app\out\vs\workbench\api\node\extensionHostProcess.js:110:9389)
    at d.terminate (d:\Downloads\VSCode-win32-ia32-1.77.0\resources\app\out\vs\workbench\api\node\extensionHostProcess.js:114:1544)
    at p (d:\Downloads\VSCode-win32-ia32-1.77.0\resources\app\out\vs\workbench\api\node\extensionHostProcess.js:124:18690)
    at MessagePortMain.<anonymous> (d:\Downloads\VSCode-win32-ia32-1.77.0\resources\app\out\vs\workbench\api\node\extensionHostProcess.js:124:14829)
    at MessagePortMain.emit (node:events:526:28)
    at Object.MessagePortMain._internalPort.emit (node:electron/js2c/utility_init:5:364) setContext undefined
2023-03-31 09:52:11.792 [error] Canceled: Canceled
    at new l (d:\Downloads\VSCode-win32-ia32-1.77.0\resources\app\out\vs\workbench\api\node\extensionHostProcess.js:98:105190)
    at c.O (d:\Downloads\VSCode-win32-ia32-1.77.0\resources\app\out\vs\workbench\api\node\extensionHostProcess.js:108:11692)
    at Proxy.G.<computed>.Q.charCodeAt.G.<computed> (d:\Downloads\VSCode-win32-ia32-1.77.0\resources\app\out\vs\workbench\api\node\extensionHostProcess.js:108:8967)
    at m.g (d:\Downloads\VSCode-win32-ia32-1.77.0\resources\app\out\vs\workbench\api\node\extensionHostProcess.js:98:125211)
    at m.executeCommand (d:\Downloads\VSCode-win32-ia32-1.77.0\resources\app\out\vs\workbench\api\node\extensionHostProcess.js:98:124587)
    at L.registerCommand.description (d:\Downloads\VSCode-win32-ia32-1.77.0\resources\app\out\vs\workbench\api\node\extensionHostProcess.js:98:123880)
    at m.h (d:\Downloads\VSCode-win32-ia32-1.77.0\resources\app\out\vs\workbench\api\node\extensionHostProcess.js:98:125797)
    at m.g (d:\Downloads\VSCode-win32-ia32-1.77.0\resources\app\out\vs\workbench\api\node\extensionHostProcess.js:98:124687)
    at m.executeCommand (d:\Downloads\VSCode-win32-ia32-1.77.0\resources\app\out\vs\workbench\api\node\extensionHostProcess.js:98:124587)
    at Object.executeCommand (d:\Downloads\VSCode-win32-ia32-1.77.0\resources\app\out\vs\workbench\api\node\extensionHostProcess.js:114:23801)
    at c (d:\Downloads\VSCode-win32-ia32-1.77.0\data\extensions\eamodio.gitlens-13.4.0\dist\gitlens.js:1:988555)
    at ActionRunners._updateContextKeys (d:\Downloads\VSCode-win32-ia32-1.77.0\data\extensions\eamodio.gitlens-13.4.0\dist\gitlens.js:1:7346)
    at r (d:\Downloads\VSCode-win32-ia32-1.77.0\data\extensions\eamodio.gitlens-13.4.0\dist\gitlens.js:1:5765)
    at RegisteredActionRunner.unregister (d:\Downloads\VSCode-win32-ia32-1.77.0\data\extensions\eamodio.gitlens-13.4.0\dist\gitlens.js:1:5909)
    at RegisteredActionRunner.dispose (d:\Downloads\VSCode-win32-ia32-1.77.0\data\extensions\eamodio.gitlens-13.4.0\dist\gitlens.js:1:4574)
    at Object.dispose (d:\Downloads\VSCode-win32-ia32-1.77.0\data\extensions\eamodio.gitlens-13.4.0\dist\gitlens.js:1:6006)
    at C (d:\Downloads\VSCode-win32-ia32-1.77.0\resources\app\out\vs\workbench\api\node\extensionHostProcess.js:10:12084)
    at E.Y (d:\Downloads\VSCode-win32-ia32-1.77.0\resources\app\out\vs\workbench\api\node\extensionHostProcess.js:110:11147)
    at d:\Downloads\VSCode-win32-ia32-1.77.0\resources\app\out\vs\workbench\api\node\extensionHostProcess.js:110:9131
    at Array.map (<anonymous>)
    at E.R (d:\Downloads\VSCode-win32-ia32-1.77.0\resources\app\out\vs\workbench\api\node\extensionHostProcess.js:110:9118)
    at E.terminate (d:\Downloads\VSCode-win32-ia32-1.77.0\resources\app\out\vs\workbench\api\node\extensionHostProcess.js:110:9389)
    at d.terminate (d:\Downloads\VSCode-win32-ia32-1.77.0\resources\app\out\vs\workbench\api\node\extensionHostProcess.js:114:1544)
    at p (d:\Downloads\VSCode-win32-ia32-1.77.0\resources\app\out\vs\workbench\api\node\extensionHostProcess.js:124:18690)
    at MessagePortMain.<anonymous> (d:\Downloads\VSCode-win32-ia32-1.77.0\resources\app\out\vs\workbench\api\node\extensionHostProcess.js:124:14829)
    at MessagePortMain.emit (node:events:526:28)
    at Object.MessagePortMain._internalPort.emit (node:electron/js2c/utility_init:5:364) setContext undefined
2023-03-31 09:52:11.803 [error] Canceled: Canceled
    at new l (d:\Downloads\VSCode-win32-ia32-1.77.0\resources\app\out\vs\workbench\api\node\extensionHostProcess.js:98:105190)
    at c.O (d:\Downloads\VSCode-win32-ia32-1.77.0\resources\app\out\vs\workbench\api\node\extensionHostProcess.js:108:11692)
    at Proxy.G.<computed>.Q.charCodeAt.G.<computed> (d:\Downloads\VSCode-win32-ia32-1.77.0\resources\app\out\vs\workbench\api\node\extensionHostProcess.js:108:8967)
    at m.g (d:\Downloads\VSCode-win32-ia32-1.77.0\resources\app\out\vs\workbench\api\node\extensionHostProcess.js:98:125211)
    at m.executeCommand (d:\Downloads\VSCode-win32-ia32-1.77.0\resources\app\out\vs\workbench\api\node\extensionHostProcess.js:98:124587)
    at L.registerCommand.description (d:\Downloads\VSCode-win32-ia32-1.77.0\resources\app\out\vs\workbench\api\node\extensionHostProcess.js:98:123880)
    at m.h (d:\Downloads\VSCode-win32-ia32-1.77.0\resources\app\out\vs\workbench\api\node\extensionHostProcess.js:98:125797)
    at m.g (d:\Downloads\VSCode-win32-ia32-1.77.0\resources\app\out\vs\workbench\api\node\extensionHostProcess.js:98:124687)
    at m.executeCommand (d:\Downloads\VSCode-win32-ia32-1.77.0\resources\app\out\vs\workbench\api\node\extensionHostProcess.js:98:124587)
    at Object.executeCommand (d:\Downloads\VSCode-win32-ia32-1.77.0\resources\app\out\vs\workbench\api\node\extensionHostProcess.js:114:23801)
    at Object.dispose (d:\Downloads\VSCode-win32-ia32-1.77.0\data\extensions\tabnine.tabnine-vscode-3.6.43\out\extension.js:17:100996)
    at d:\Downloads\VSCode-win32-ia32-1.77.0\data\extensions\tabnine.tabnine-vscode-3.6.43\out\extension.js:17:30354
    at Array.forEach (<anonymous>)
    at f (d:\Downloads\VSCode-win32-ia32-1.77.0\data\extensions\tabnine.tabnine-vscode-3.6.43\out\extension.js:17:30339)
    at Object.dispose (d:\Downloads\VSCode-win32-ia32-1.77.0\data\extensions\tabnine.tabnine-vscode-3.6.43\out\extension.js:17:29757)
    at C (d:\Downloads\VSCode-win32-ia32-1.77.0\resources\app\out\vs\workbench\api\node\extensionHostProcess.js:10:12084)
    at E.Y (d:\Downloads\VSCode-win32-ia32-1.77.0\resources\app\out\vs\workbench\api\node\extensionHostProcess.js:110:11147)
    at d:\Downloads\VSCode-win32-ia32-1.77.0\resources\app\out\vs\workbench\api\node\extensionHostProcess.js:110:9131
    at Array.map (<anonymous>)
    at E.R (d:\Downloads\VSCode-win32-ia32-1.77.0\resources\app\out\vs\workbench\api\node\extensionHostProcess.js:110:9118)
    at E.terminate (d:\Downloads\VSCode-win32-ia32-1.77.0\resources\app\out\vs\workbench\api\node\extensionHostProcess.js:110:9389)
    at d.terminate (d:\Downloads\VSCode-win32-ia32-1.77.0\resources\app\out\vs\workbench\api\node\extensionHostProcess.js:114:1544)
    at p (d:\Downloads\VSCode-win32-ia32-1.77.0\resources\app\out\vs\workbench\api\node\extensionHostProcess.js:124:18690)
    at MessagePortMain.<anonymous> (d:\Downloads\VSCode-win32-ia32-1.77.0\resources\app\out\vs\workbench\api\node\extensionHostProcess.js:124:14829)
    at MessagePortMain.emit (node:events:526:28)
    at Object.MessagePortMain._internalPort.emit (node:electron/js2c/utility_init:5:364) setContext undefined
2023-03-31 09:52:11.807 [error] Canceled: Canceled
    at new l (d:\Downloads\VSCode-win32-ia32-1.77.0\resources\app\out\vs\workbench\api\node\extensionHostProcess.js:98:105190)
    at c.O (d:\Downloads\VSCode-win32-ia32-1.77.0\resources\app\out\vs\workbench\api\node\extensionHostProcess.js:108:11692)
    at Proxy.G.<computed>.Q.charCodeAt.G.<computed> (d:\Downloads\VSCode-win32-ia32-1.77.0\resources\app\out\vs\workbench\api\node\extensionHostProcess.js:108:8967)
    at m.g (d:\Downloads\VSCode-win32-ia32-1.77.0\resources\app\out\vs\workbench\api\node\extensionHostProcess.js:98:125211)
    at m.executeCommand (d:\Downloads\VSCode-win32-ia32-1.77.0\resources\app\out\vs\workbench\api\node\extensionHostProcess.js:98:124587)
    at L.registerCommand.description (d:\Downloads\VSCode-win32-ia32-1.77.0\resources\app\out\vs\workbench\api\node\extensionHostProcess.js:98:123880)
    at m.h (d:\Downloads\VSCode-win32-ia32-1.77.0\resources\app\out\vs\workbench\api\node\extensionHostProcess.js:98:125797)
    at m.g (d:\Downloads\VSCode-win32-ia32-1.77.0\resources\app\out\vs\workbench\api\node\extensionHostProcess.js:98:124687)
    at m.executeCommand (d:\Downloads\VSCode-win32-ia32-1.77.0\resources\app\out\vs\workbench\api\node\extensionHostProcess.js:98:124587)
    at Object.executeCommand (d:\Downloads\VSCode-win32-ia32-1.77.0\resources\app\out\vs\workbench\api\node\extensionHostProcess.js:114:23801)
    at Object.dispose (d:\Downloads\VSCode-win32-ia32-1.77.0\data\extensions\wallabyjs.quokka-vscode-1.0.529\dist\index.js:6:72826)
    at d:\Downloads\VSCode-win32-ia32-1.77.0\data\extensions\wallabyjs.quokka-vscode-1.0.529\dist\index.js:6:13435
    at Array.forEach (<anonymous>)
    at t.exports.dispose (d:\Downloads\VSCode-win32-ia32-1.77.0\data\extensions\wallabyjs.quokka-vscode-1.0.529\dist\index.js:6:13422)
    at P.deactivate (d:\Downloads\VSCode-win32-ia32-1.77.0\data\extensions\wallabyjs.quokka-vscode-1.0.529\dist\index.js:6:74093)
    at Object.dispose (d:\Downloads\VSCode-win32-ia32-1.77.0\data\extensions\wallabyjs.quokka-vscode-1.0.529\dist\index.js:6:1096)
    at d:\Downloads\VSCode-win32-ia32-1.77.0\data\extensions\wallabyjs.quokka-vscode-1.0.529\dist\index.js:6:13435
    at Array.forEach (<anonymous>)
    at t.exports.dispose (d:\Downloads\VSCode-win32-ia32-1.77.0\data\extensions\wallabyjs.quokka-vscode-1.0.529\dist\index.js:6:13422)
    at h.deactivate (d:\Downloads\VSCode-win32-ia32-1.77.0\data\extensions\wallabyjs.quokka-vscode-1.0.529\dist\index.js:6:3331)
    at Object.dispose (d:\Downloads\VSCode-win32-ia32-1.77.0\data\extensions\wallabyjs.quokka-vscode-1.0.529\dist\index.js:6:3406)
    at C (d:\Downloads\VSCode-win32-ia32-1.77.0\resources\app\out\vs\workbench\api\node\extensionHostProcess.js:10:12084)
    at E.Y (d:\Downloads\VSCode-win32-ia32-1.77.0\resources\app\out\vs\workbench\api\node\extensionHostProcess.js:110:11147)
    at d:\Downloads\VSCode-win32-ia32-1.77.0\resources\app\out\vs\workbench\api\node\extensionHostProcess.js:110:9131
    at Array.map (<anonymous>)
    at E.R (d:\Downloads\VSCode-win32-ia32-1.77.0\resources\app\out\vs\workbench\api\node\extensionHostProcess.js:110:9118)
    at E.terminate (d:\Downloads\VSCode-win32-ia32-1.77.0\resources\app\out\vs\workbench\api\node\extensionHostProcess.js:110:9389)
    at d.terminate (d:\Downloads\VSCode-win32-ia32-1.77.0\resources\app\out\vs\workbench\api\node\extensionHostProcess.js:114:1544)
    at p (d:\Downloads\VSCode-win32-ia32-1.77.0\resources\app\out\vs\workbench\api\node\extensionHostProcess.js:124:18690)
    at MessagePortMain.<anonymous> (d:\Downloads\VSCode-win32-ia32-1.77.0\resources\app\out\vs\workbench\api\node\extensionHostProcess.js:124:14829)
    at MessagePortMain.emit (node:events:526:28)
    at Object.MessagePortMain._internalPort.emit (node:electron/js2c/utility_init:5:364) setContext undefined
2023-03-31 09:52:12.610 [info] Extension host with pid 10360 exiting with code 0
