2023-03-31 09:53:01.121 [info] Extension host with pid 24428 started
2023-03-31 09:53:01.227 [info] ExtensionService#_doActivateExtension vscode.git-base, startup: true, activationEvent: '*', root cause: vscode.git
2023-03-31 09:53:01.412 [info] ExtensionService#_doActivateExtension vscode.git, startup: true, activationEvent: '*'
2023-03-31 09:53:01.413 [info] ExtensionService#_doActivateExtension vscode.github, startup: true, activationEvent: '*'
2023-03-31 09:53:01.640 [info] ExtensionService#_doActivateExtension vscode.github-authentication, startup: false, activationEvent: 'onAuthenticationRequest:github'
2023-03-31 09:53:01.756 [info] Eager extensions activated
2023-03-31 09:53:02.017 [info] ExtensionService#_doActivateExtension vscode.debug-auto-launch, startup: false, activationEvent: 'onStartupFinished'
2023-03-31 09:53:02.019 [info] ExtensionService#_doActivateExtension vscode.merge-conflict, startup: false, activationEvent: 'onStartupFinished'
2023-03-31 09:53:02.020 [info] ExtensionService#_doActivateExtension ms-vscode-remote.remote-wsl-recommender, startup: false, activationEvent: 'onStartupFinished'
2023-03-31 09:53:02.123 [info] ExtensionService#_doActivateExtension vscode.microsoft-authentication, startup: false, activationEvent: 'onAuthenticationRequest:microsoft'
2023-03-31 09:53:02.933 [info] ExtensionService#_doActivateExtension vscode.emmet, startup: false, activationEvent: 'onLanguage'
2023-03-31 09:53:03.029 [error] No bundle location found for extension ms-vscode-remote.remote-wsl-recommender
2023-03-31 09:55:14.576 [info] ExtensionService#_doActivateExtension dbaeumer.vscode-eslint, startup: false, activationEvent: 'onStartupFinished'
2023-03-31 09:55:23.317 [info] ExtensionService#_doActivateExtension christian-kohler.path-intellisense, startup: false, activationEvent: '*'
2023-03-31 09:55:51.196 [info] ExtensionService#_doActivateExtension tombonnike.vscode-status-bar-format-toggle, startup: false, activationEvent: '*'
2023-03-31 09:56:09.729 [info] ExtensionService#_doActivateExtension vscode.npm, startup: false, activationEvent: 'onStartupFinished', root cause: esbenp.prettier-vscode
2023-03-31 09:56:09.817 [info] ExtensionService#_doActivateExtension esbenp.prettier-vscode, startup: false, activationEvent: 'onStartupFinished'
2023-03-31 09:56:15.081 [info] ExtensionService#_doActivateExtension TabNine.tabnine-vscode, startup: false, activationEvent: '*'
2023-03-31 09:56:15.651 [info] ExtensionService#_doActivateExtension vscode.configuration-editing, startup: false, activationEvent: 'onLanguage:jsonc'
2023-03-31 09:56:15.652 [info] ExtensionService#_doActivateExtension vscode.json-language-features, startup: false, activationEvent: 'onLanguage:jsonc'
2023-03-31 09:56:15.653 [info] ExtensionService#_doActivateExtension vscode.typescript-language-features, startup: false, activationEvent: 'onLanguage:jsonc'
2023-03-31 09:56:15.655 [info] ExtensionService#_doActivateExtension rvest.vs-code-prettier-eslint, startup: false, activationEvent: 'onLanguage:jsonc'
2023-03-31 09:56:31.449 [info] ExtensionService#_doActivateExtension WallabyJs.quokka-vscode, startup: false, activationEvent: '*'
2023-03-31 09:56:43.160 [info] ExtensionService#_doActivateExtension ritwickdey.LiveServer, startup: false, activationEvent: 'onStartupFinished'
2023-03-31 09:56:49.591 [info] Extension host terminating: renderer closed the MessagePort
2023-03-31 09:56:49.621 [error] Canceled: Canceled
	at new l (d:\Downloads\VSCode-win32-ia32-1.77.0\resources\app\out\vs\workbench\api\node\extensionHostProcess.js:98:105190)
	at c.O (d:\Downloads\VSCode-win32-ia32-1.77.0\resources\app\out\vs\workbench\api\node\extensionHostProcess.js:108:11692)
	at G.<computed>.Q.charCodeAt.G.<computed> (d:\Downloads\VSCode-win32-ia32-1.77.0\resources\app\out\vs\workbench\api\node\extensionHostProcess.js:108:8967)
	at m.g (d:\Downloads\VSCode-win32-ia32-1.77.0\resources\app\out\vs\workbench\api\node\extensionHostProcess.js:98:125211)
	at m.executeCommand (d:\Downloads\VSCode-win32-ia32-1.77.0\resources\app\out\vs\workbench\api\node\extensionHostProcess.js:98:124587)
	at L.registerCommand.description (d:\Downloads\VSCode-win32-ia32-1.77.0\resources\app\out\vs\workbench\api\node\extensionHostProcess.js:98:123880)
	at m.h (d:\Downloads\VSCode-win32-ia32-1.77.0\resources\app\out\vs\workbench\api\node\extensionHostProcess.js:98:125797)
	at m.g (d:\Downloads\VSCode-win32-ia32-1.77.0\resources\app\out\vs\workbench\api\node\extensionHostProcess.js:98:124687)
	at m.executeCommand (d:\Downloads\VSCode-win32-ia32-1.77.0\resources\app\out\vs\workbench\api\node\extensionHostProcess.js:98:124587)
	at Object.executeCommand (d:\Downloads\VSCode-win32-ia32-1.77.0\resources\app\out\vs\workbench\api\node\extensionHostProcess.js:114:23801)
	at Object.dispose (d:\Downloads\VSCode-win32-ia32-1.77.0\data\extensions\tabnine.tabnine-vscode-3.6.43\out\extension.js:17:100996)
	at d:\Downloads\VSCode-win32-ia32-1.77.0\data\extensions\tabnine.tabnine-vscode-3.6.43\out\extension.js:17:30354
	at Array.forEach (<anonymous>)
	at f (d:\Downloads\VSCode-win32-ia32-1.77.0\data\extensions\tabnine.tabnine-vscode-3.6.43\out\extension.js:17:30339)
	at Object.dispose (d:\Downloads\VSCode-win32-ia32-1.77.0\data\extensions\tabnine.tabnine-vscode-3.6.43\out\extension.js:17:29757)
	at C (d:\Downloads\VSCode-win32-ia32-1.77.0\resources\app\out\vs\workbench\api\node\extensionHostProcess.js:10:12084)
	at E.Y (d:\Downloads\VSCode-win32-ia32-1.77.0\resources\app\out\vs\workbench\api\node\extensionHostProcess.js:110:11147)
	at d:\Downloads\VSCode-win32-ia32-1.77.0\resources\app\out\vs\workbench\api\node\extensionHostProcess.js:110:9131
	at Array.map (<anonymous>)
	at E.R (d:\Downloads\VSCode-win32-ia32-1.77.0\resources\app\out\vs\workbench\api\node\extensionHostProcess.js:110:9118)
	at E.terminate (d:\Downloads\VSCode-win32-ia32-1.77.0\resources\app\out\vs\workbench\api\node\extensionHostProcess.js:110:9389)
	at d.terminate (d:\Downloads\VSCode-win32-ia32-1.77.0\resources\app\out\vs\workbench\api\node\extensionHostProcess.js:114:1544)
	at p (d:\Downloads\VSCode-win32-ia32-1.77.0\resources\app\out\vs\workbench\api\node\extensionHostProcess.js:124:18690)
	at MessagePortMain.<anonymous> (d:\Downloads\VSCode-win32-ia32-1.77.0\resources\app\out\vs\workbench\api\node\extensionHostProcess.js:124:14829)
	at MessagePortMain.emit (node:events:526:28)
	at MessagePortMain._internalPort.emit (node:electron/js2c/utility_init:5:364) setContext undefined
2023-03-31 09:56:49.621 [error] Canceled: Canceled
	at new l (d:\Downloads\VSCode-win32-ia32-1.77.0\resources\app\out\vs\workbench\api\node\extensionHostProcess.js:98:105190)
	at c.O (d:\Downloads\VSCode-win32-ia32-1.77.0\resources\app\out\vs\workbench\api\node\extensionHostProcess.js:108:11692)
	at G.<computed>.Q.charCodeAt.G.<computed> (d:\Downloads\VSCode-win32-ia32-1.77.0\resources\app\out\vs\workbench\api\node\extensionHostProcess.js:108:8967)
	at m.g (d:\Downloads\VSCode-win32-ia32-1.77.0\resources\app\out\vs\workbench\api\node\extensionHostProcess.js:98:125211)
	at m.executeCommand (d:\Downloads\VSCode-win32-ia32-1.77.0\resources\app\out\vs\workbench\api\node\extensionHostProcess.js:98:124587)
	at L.registerCommand.description (d:\Downloads\VSCode-win32-ia32-1.77.0\resources\app\out\vs\workbench\api\node\extensionHostProcess.js:98:123880)
	at m.h (d:\Downloads\VSCode-win32-ia32-1.77.0\resources\app\out\vs\workbench\api\node\extensionHostProcess.js:98:125797)
	at m.g (d:\Downloads\VSCode-win32-ia32-1.77.0\resources\app\out\vs\workbench\api\node\extensionHostProcess.js:98:124687)
	at m.executeCommand (d:\Downloads\VSCode-win32-ia32-1.77.0\resources\app\out\vs\workbench\api\node\extensionHostProcess.js:98:124587)
	at Object.executeCommand (d:\Downloads\VSCode-win32-ia32-1.77.0\resources\app\out\vs\workbench\api\node\extensionHostProcess.js:114:23801)
	at Object.dispose (d:\Downloads\VSCode-win32-ia32-1.77.0\data\extensions\wallabyjs.quokka-vscode-1.0.529\dist\index.js:6:72826)
	at d:\Downloads\VSCode-win32-ia32-1.77.0\data\extensions\wallabyjs.quokka-vscode-1.0.529\dist\index.js:6:13435
	at Array.forEach (<anonymous>)
	at t.exports.dispose (d:\Downloads\VSCode-win32-ia32-1.77.0\data\extensions\wallabyjs.quokka-vscode-1.0.529\dist\index.js:6:13422)
	at P.deactivate (d:\Downloads\VSCode-win32-ia32-1.77.0\data\extensions\wallabyjs.quokka-vscode-1.0.529\dist\index.js:6:74093)
	at Object.dispose (d:\Downloads\VSCode-win32-ia32-1.77.0\data\extensions\wallabyjs.quokka-vscode-1.0.529\dist\index.js:6:1096)
	at d:\Downloads\VSCode-win32-ia32-1.77.0\data\extensions\wallabyjs.quokka-vscode-1.0.529\dist\index.js:6:13435
	at Array.forEach (<anonymous>)
	at t.exports.dispose (d:\Downloads\VSCode-win32-ia32-1.77.0\data\extensions\wallabyjs.quokka-vscode-1.0.529\dist\index.js:6:13422)
	at h.deactivate (d:\Downloads\VSCode-win32-ia32-1.77.0\data\extensions\wallabyjs.quokka-vscode-1.0.529\dist\index.js:6:3331)
	at Object.dispose (d:\Downloads\VSCode-win32-ia32-1.77.0\data\extensions\wallabyjs.quokka-vscode-1.0.529\dist\index.js:6:3406)
	at C (d:\Downloads\VSCode-win32-ia32-1.77.0\resources\app\out\vs\workbench\api\node\extensionHostProcess.js:10:12084)
	at E.Y (d:\Downloads\VSCode-win32-ia32-1.77.0\resources\app\out\vs\workbench\api\node\extensionHostProcess.js:110:11147)
	at d:\Downloads\VSCode-win32-ia32-1.77.0\resources\app\out\vs\workbench\api\node\extensionHostProcess.js:110:9131
	at Array.map (<anonymous>)
	at E.R (d:\Downloads\VSCode-win32-ia32-1.77.0\resources\app\out\vs\workbench\api\node\extensionHostProcess.js:110:9118)
	at E.terminate (d:\Downloads\VSCode-win32-ia32-1.77.0\resources\app\out\vs\workbench\api\node\extensionHostProcess.js:110:9389)
	at d.terminate (d:\Downloads\VSCode-win32-ia32-1.77.0\resources\app\out\vs\workbench\api\node\extensionHostProcess.js:114:1544)
	at p (d:\Downloads\VSCode-win32-ia32-1.77.0\resources\app\out\vs\workbench\api\node\extensionHostProcess.js:124:18690)
	at MessagePortMain.<anonymous> (d:\Downloads\VSCode-win32-ia32-1.77.0\resources\app\out\vs\workbench\api\node\extensionHostProcess.js:124:14829)
	at MessagePortMain.emit (node:events:526:28)
	at MessagePortMain._internalPort.emit (node:electron/js2c/utility_init:5:364) setContext undefined
2023-03-31 09:56:49.901 [info] Extension host with pid 24428 exiting with code 0
2023-03-31 09:56:51.911 [info] Extension host with pid 29308 started
2023-03-31 09:56:51.976 [info] ExtensionService#_doActivateExtension vscode.emmet, startup: false, activationEvent: 'onLanguage'
2023-03-31 09:56:52.294 [info] ExtensionService#_doActivateExtension vscode.git-base, startup: true, activationEvent: '*', root cause: vscode.git
2023-03-31 09:56:52.296 [info] ExtensionService#_doActivateExtension christian-kohler.path-intellisense, startup: true, activationEvent: '*'
2023-03-31 09:56:52.400 [info] ExtensionService#_doActivateExtension TabNine.tabnine-vscode, startup: true, activationEvent: '*'
2023-03-31 09:56:52.737 [info] ExtensionService#_doActivateExtension tombonnike.vscode-status-bar-format-toggle, startup: true, activationEvent: '*'
2023-03-31 09:56:52.771 [info] ExtensionService#_doActivateExtension WallabyJs.quokka-vscode, startup: true, activationEvent: '*'
2023-03-31 09:56:53.510 [info] ExtensionService#_doActivateExtension vscode.github-authentication, startup: false, activationEvent: 'onAuthenticationRequest:github'
2023-03-31 09:56:53.546 [info] ExtensionService#_doActivateExtension vscode.configuration-editing, startup: false, activationEvent: 'onLanguage:jsonc'
2023-03-31 09:56:53.548 [info] ExtensionService#_doActivateExtension vscode.json-language-features, startup: false, activationEvent: 'onLanguage:jsonc'
2023-03-31 09:56:53.549 [info] ExtensionService#_doActivateExtension vscode.typescript-language-features, startup: false, activationEvent: 'onLanguage:jsonc'
2023-03-31 09:56:53.550 [info] ExtensionService#_doActivateExtension dbaeumer.vscode-eslint, startup: false, activationEvent: 'onLanguage:jsonc'
2023-03-31 09:56:53.663 [info] ExtensionService#_doActivateExtension rvest.vs-code-prettier-eslint, startup: false, activationEvent: 'onLanguage:jsonc'
2023-03-31 09:56:54.124 [info] ExtensionService#_doActivateExtension vscode.git, startup: true, activationEvent: '*'
2023-03-31 09:56:54.125 [info] ExtensionService#_doActivateExtension vscode.github, startup: true, activationEvent: '*'
2023-03-31 09:56:58.457 [info] ExtensionService#_doActivateExtension vscode.microsoft-authentication, startup: false, activationEvent: 'onAuthenticationRequest:microsoft'
2023-03-31 09:56:58.585 [info] Eager extensions activated
2023-03-31 09:56:58.634 [info] ExtensionService#_doActivateExtension vscode.debug-auto-launch, startup: false, activationEvent: 'onStartupFinished'
2023-03-31 09:56:58.635 [info] ExtensionService#_doActivateExtension vscode.merge-conflict, startup: false, activationEvent: 'onStartupFinished'
2023-03-31 09:56:58.636 [info] ExtensionService#_doActivateExtension ms-vscode-remote.remote-wsl-recommender, startup: false, activationEvent: 'onStartupFinished'
2023-03-31 09:56:58.637 [info] ExtensionService#_doActivateExtension vscode.npm, startup: false, activationEvent: 'onStartupFinished', root cause: esbenp.prettier-vscode
2023-03-31 09:56:58.638 [info] ExtensionService#_doActivateExtension ritwickdey.LiveServer, startup: false, activationEvent: 'onStartupFinished'
2023-03-31 09:56:58.739 [error] No bundle location found for extension ms-vscode-remote.remote-wsl-recommender
2023-03-31 09:56:58.999 [info] ExtensionService#_doActivateExtension esbenp.prettier-vscode, startup: false, activationEvent: 'onStartupFinished'
2023-03-31 09:57:29.242 [info] ExtensionService#_doActivateExtension formulahendry.auto-rename-tag, startup: false, activationEvent: '*'
2023-03-31 09:57:30.455 [info] ExtensionService#_doActivateExtension formulahendry.auto-close-tag, startup: false, activationEvent: '*'
2023-03-31 10:01:46.656 [info] ExtensionService#_doActivateExtension HookyQR.beautify, startup: false, activationEvent: '*'
2023-03-31 10:03:19.510 [info] ExtensionService#_doActivateExtension vscode-icons-team.vscode-icons, startup: false, activationEvent: 'onStartupFinished'
2023-03-31 10:04:16.017 [info] Extension host terminating: renderer closed the MessagePort
2023-03-31 10:04:16.065 [error] Canceled: Canceled
    at new l (d:\Downloads\VSCode-win32-ia32-1.77.0\resources\app\out\vs\workbench\api\node\extensionHostProcess.js:98:105190)
    at c.O (d:\Downloads\VSCode-win32-ia32-1.77.0\resources\app\out\vs\workbench\api\node\extensionHostProcess.js:108:11692)
    at Proxy.G.<computed>.Q.charCodeAt.G.<computed> (d:\Downloads\VSCode-win32-ia32-1.77.0\resources\app\out\vs\workbench\api\node\extensionHostProcess.js:108:8967)
    at m.g (d:\Downloads\VSCode-win32-ia32-1.77.0\resources\app\out\vs\workbench\api\node\extensionHostProcess.js:98:125211)
    at m.executeCommand (d:\Downloads\VSCode-win32-ia32-1.77.0\resources\app\out\vs\workbench\api\node\extensionHostProcess.js:98:124587)
    at L.registerCommand.description (d:\Downloads\VSCode-win32-ia32-1.77.0\resources\app\out\vs\workbench\api\node\extensionHostProcess.js:98:123880)
    at m.h (d:\Downloads\VSCode-win32-ia32-1.77.0\resources\app\out\vs\workbench\api\node\extensionHostProcess.js:98:125797)
    at m.g (d:\Downloads\VSCode-win32-ia32-1.77.0\resources\app\out\vs\workbench\api\node\extensionHostProcess.js:98:124687)
    at m.executeCommand (d:\Downloads\VSCode-win32-ia32-1.77.0\resources\app\out\vs\workbench\api\node\extensionHostProcess.js:98:124587)
    at Object.executeCommand (d:\Downloads\VSCode-win32-ia32-1.77.0\resources\app\out\vs\workbench\api\node\extensionHostProcess.js:114:23801)
    at Object.dispose (d:\Downloads\VSCode-win32-ia32-1.77.0\data\extensions\tabnine.tabnine-vscode-3.6.43\out\extension.js:17:100996)
    at d:\Downloads\VSCode-win32-ia32-1.77.0\data\extensions\tabnine.tabnine-vscode-3.6.43\out\extension.js:17:30354
    at Array.forEach (<anonymous>)
    at f (d:\Downloads\VSCode-win32-ia32-1.77.0\data\extensions\tabnine.tabnine-vscode-3.6.43\out\extension.js:17:30339)
    at Object.dispose (d:\Downloads\VSCode-win32-ia32-1.77.0\data\extensions\tabnine.tabnine-vscode-3.6.43\out\extension.js:17:29757)
    at C (d:\Downloads\VSCode-win32-ia32-1.77.0\resources\app\out\vs\workbench\api\node\extensionHostProcess.js:10:12084)
    at E.Y (d:\Downloads\VSCode-win32-ia32-1.77.0\resources\app\out\vs\workbench\api\node\extensionHostProcess.js:110:11147)
    at d:\Downloads\VSCode-win32-ia32-1.77.0\resources\app\out\vs\workbench\api\node\extensionHostProcess.js:110:9131
    at Array.map (<anonymous>)
    at E.R (d:\Downloads\VSCode-win32-ia32-1.77.0\resources\app\out\vs\workbench\api\node\extensionHostProcess.js:110:9118)
    at E.terminate (d:\Downloads\VSCode-win32-ia32-1.77.0\resources\app\out\vs\workbench\api\node\extensionHostProcess.js:110:9389)
    at d.terminate (d:\Downloads\VSCode-win32-ia32-1.77.0\resources\app\out\vs\workbench\api\node\extensionHostProcess.js:114:1544)
    at p (d:\Downloads\VSCode-win32-ia32-1.77.0\resources\app\out\vs\workbench\api\node\extensionHostProcess.js:124:18690)
    at MessagePortMain.<anonymous> (d:\Downloads\VSCode-win32-ia32-1.77.0\resources\app\out\vs\workbench\api\node\extensionHostProcess.js:124:14829)
    at MessagePortMain.emit (node:events:526:28)
    at Object.MessagePortMain._internalPort.emit (node:electron/js2c/utility_init:5:364) setContext undefined
2023-03-31 10:04:16.068 [error] Canceled: Canceled
    at new l (d:\Downloads\VSCode-win32-ia32-1.77.0\resources\app\out\vs\workbench\api\node\extensionHostProcess.js:98:105190)
    at c.O (d:\Downloads\VSCode-win32-ia32-1.77.0\resources\app\out\vs\workbench\api\node\extensionHostProcess.js:108:11692)
    at Proxy.G.<computed>.Q.charCodeAt.G.<computed> (d:\Downloads\VSCode-win32-ia32-1.77.0\resources\app\out\vs\workbench\api\node\extensionHostProcess.js:108:8967)
    at m.g (d:\Downloads\VSCode-win32-ia32-1.77.0\resources\app\out\vs\workbench\api\node\extensionHostProcess.js:98:125211)
    at m.executeCommand (d:\Downloads\VSCode-win32-ia32-1.77.0\resources\app\out\vs\workbench\api\node\extensionHostProcess.js:98:124587)
    at L.registerCommand.description (d:\Downloads\VSCode-win32-ia32-1.77.0\resources\app\out\vs\workbench\api\node\extensionHostProcess.js:98:123880)
    at m.h (d:\Downloads\VSCode-win32-ia32-1.77.0\resources\app\out\vs\workbench\api\node\extensionHostProcess.js:98:125797)
    at m.g (d:\Downloads\VSCode-win32-ia32-1.77.0\resources\app\out\vs\workbench\api\node\extensionHostProcess.js:98:124687)
    at m.executeCommand (d:\Downloads\VSCode-win32-ia32-1.77.0\resources\app\out\vs\workbench\api\node\extensionHostProcess.js:98:124587)
    at Object.executeCommand (d:\Downloads\VSCode-win32-ia32-1.77.0\resources\app\out\vs\workbench\api\node\extensionHostProcess.js:114:23801)
    at Object.dispose (d:\Downloads\VSCode-win32-ia32-1.77.0\data\extensions\wallabyjs.quokka-vscode-1.0.529\dist\index.js:6:72826)
    at d:\Downloads\VSCode-win32-ia32-1.77.0\data\extensions\wallabyjs.quokka-vscode-1.0.529\dist\index.js:6:13435
    at Array.forEach (<anonymous>)
    at t.exports.dispose (d:\Downloads\VSCode-win32-ia32-1.77.0\data\extensions\wallabyjs.quokka-vscode-1.0.529\dist\index.js:6:13422)
    at P.deactivate (d:\Downloads\VSCode-win32-ia32-1.77.0\data\extensions\wallabyjs.quokka-vscode-1.0.529\dist\index.js:6:74093)
    at Object.dispose (d:\Downloads\VSCode-win32-ia32-1.77.0\data\extensions\wallabyjs.quokka-vscode-1.0.529\dist\index.js:6:1096)
    at d:\Downloads\VSCode-win32-ia32-1.77.0\data\extensions\wallabyjs.quokka-vscode-1.0.529\dist\index.js:6:13435
    at Array.forEach (<anonymous>)
    at t.exports.dispose (d:\Downloads\VSCode-win32-ia32-1.77.0\data\extensions\wallabyjs.quokka-vscode-1.0.529\dist\index.js:6:13422)
    at h.deactivate (d:\Downloads\VSCode-win32-ia32-1.77.0\data\extensions\wallabyjs.quokka-vscode-1.0.529\dist\index.js:6:3331)
    at Object.dispose (d:\Downloads\VSCode-win32-ia32-1.77.0\data\extensions\wallabyjs.quokka-vscode-1.0.529\dist\index.js:6:3406)
    at C (d:\Downloads\VSCode-win32-ia32-1.77.0\resources\app\out\vs\workbench\api\node\extensionHostProcess.js:10:12084)
    at E.Y (d:\Downloads\VSCode-win32-ia32-1.77.0\resources\app\out\vs\workbench\api\node\extensionHostProcess.js:110:11147)
    at d:\Downloads\VSCode-win32-ia32-1.77.0\resources\app\out\vs\workbench\api\node\extensionHostProcess.js:110:9131
    at Array.map (<anonymous>)
    at E.R (d:\Downloads\VSCode-win32-ia32-1.77.0\resources\app\out\vs\workbench\api\node\extensionHostProcess.js:110:9118)
    at E.terminate (d:\Downloads\VSCode-win32-ia32-1.77.0\resources\app\out\vs\workbench\api\node\extensionHostProcess.js:110:9389)
    at d.terminate (d:\Downloads\VSCode-win32-ia32-1.77.0\resources\app\out\vs\workbench\api\node\extensionHostProcess.js:114:1544)
    at p (d:\Downloads\VSCode-win32-ia32-1.77.0\resources\app\out\vs\workbench\api\node\extensionHostProcess.js:124:18690)
    at MessagePortMain.<anonymous> (d:\Downloads\VSCode-win32-ia32-1.77.0\resources\app\out\vs\workbench\api\node\extensionHostProcess.js:124:14829)
    at MessagePortMain.emit (node:events:526:28)
    at Object.MessagePortMain._internalPort.emit (node:electron/js2c/utility_init:5:364) setContext undefined
2023-03-31 10:04:16.851 [info] Extension host with pid 29308 exiting with code 0
2023-03-31 10:04:18.087 [info] Extension host with pid 27208 started
2023-03-31 10:04:18.087 [info] Skipping acquiring lock for d:\Downloads\VSCode-win32-ia32-1.77.0\data\user-data\User\workspaceStorage\5c880ebe3d7803ab72010886199e62d5.
2023-03-31 10:04:18.164 [info] ExtensionService#_doActivateExtension vscode.git-base, startup: true, activationEvent: '*'
2023-03-31 10:04:18.166 [info] ExtensionService#_doActivateExtension christian-kohler.path-intellisense, startup: true, activationEvent: '*'
2023-03-31 10:04:18.254 [info] ExtensionService#_doActivateExtension formulahendry.auto-close-tag, startup: true, activationEvent: '*'
2023-03-31 10:04:18.263 [info] ExtensionService#_doActivateExtension formulahendry.auto-rename-tag, startup: true, activationEvent: '*'
2023-03-31 10:04:18.342 [info] ExtensionService#_doActivateExtension TabNine.tabnine-vscode, startup: true, activationEvent: '*'
2023-03-31 10:04:18.582 [info] ExtensionService#_doActivateExtension WallabyJs.quokka-vscode, startup: true, activationEvent: '*'
2023-03-31 10:04:19.661 [info] ExtensionService#_doActivateExtension vscode.github-authentication, startup: false, activationEvent: 'onAuthenticationRequest:github'
2023-03-31 10:04:19.823 [info] ExtensionService#_doActivateExtension vscode.configuration-editing, startup: false, activationEvent: 'onLanguage:jsonc'
2023-03-31 10:04:19.825 [info] ExtensionService#_doActivateExtension vscode.json-language-features, startup: false, activationEvent: 'onLanguage:jsonc'
2023-03-31 10:04:19.827 [info] ExtensionService#_doActivateExtension vscode.typescript-language-features, startup: false, activationEvent: 'onLanguage:jsonc'
2023-03-31 10:04:19.828 [info] ExtensionService#_doActivateExtension vscode.emmet, startup: false, activationEvent: 'onLanguage'
2023-03-31 10:04:19.830 [info] ExtensionService#_doActivateExtension vscode.github, startup: true, activationEvent: '*'
2023-03-31 10:04:24.441 [info] Eager extensions activated
2023-03-31 10:04:24.508 [info] ExtensionService#_doActivateExtension vscode.debug-auto-launch, startup: false, activationEvent: 'onStartupFinished'
2023-03-31 10:04:24.509 [info] ExtensionService#_doActivateExtension vscode.merge-conflict, startup: false, activationEvent: 'onStartupFinished'
2023-03-31 10:04:24.510 [info] ExtensionService#_doActivateExtension ms-vscode-remote.remote-wsl-recommender, startup: false, activationEvent: 'onStartupFinished'
2023-03-31 10:04:24.511 [info] ExtensionService#_doActivateExtension vscode.npm, startup: false, activationEvent: 'onStartupFinished', root cause: esbenp.prettier-vscode
2023-03-31 10:04:24.512 [info] ExtensionService#_doActivateExtension vscode-icons-team.vscode-icons, startup: false, activationEvent: 'onStartupFinished'
2023-03-31 10:04:24.641 [info] ExtensionService#_doActivateExtension vscode.microsoft-authentication, startup: false, activationEvent: 'onAuthenticationRequest:microsoft'
2023-03-31 10:04:24.665 [error] No bundle location found for extension ms-vscode-remote.remote-wsl-recommender
2023-03-31 10:04:24.987 [info] ExtensionService#_doActivateExtension vscode.git, startup: false, activationEvent: 'api', root cause: vscode.github
2023-03-31 10:04:24.993 [info] ExtensionService#_doActivateExtension dbaeumer.vscode-eslint, startup: false, activationEvent: 'onStartupFinished'
2023-03-31 10:04:25.067 [info] ExtensionService#_doActivateExtension ritwickdey.LiveServer, startup: false, activationEvent: 'onStartupFinished'
2023-03-31 10:04:25.132 [info] ExtensionService#_doActivateExtension rvest.vs-code-prettier-eslint, startup: false, activationEvent: 'onLanguage:jsonc'
2023-03-31 10:04:25.413 [info] ExtensionService#_doActivateExtension tombonnike.vscode-status-bar-format-toggle, startup: false, activationEvent: '*'
2023-03-31 10:04:26.567 [info] ExtensionService#_doActivateExtension esbenp.prettier-vscode, startup: false, activationEvent: 'onStartupFinished'
2023-03-31 10:04:39.967 [info] ExtensionService#_doActivateExtension vscode.extension-editing, startup: false, activationEvent: 'onLanguage:json'
2023-03-31 10:05:27.053 [info] Extension host terminating: renderer closed the MessagePort
2023-03-31 10:05:27.081 [error] Canceled: Canceled
    at new l (d:\Downloads\VSCode-win32-ia32-1.77.0\resources\app\out\vs\workbench\api\node\extensionHostProcess.js:98:105190)
    at c.O (d:\Downloads\VSCode-win32-ia32-1.77.0\resources\app\out\vs\workbench\api\node\extensionHostProcess.js:108:11692)
    at Proxy.G.<computed>.Q.charCodeAt.G.<computed> (d:\Downloads\VSCode-win32-ia32-1.77.0\resources\app\out\vs\workbench\api\node\extensionHostProcess.js:108:8967)
    at m.g (d:\Downloads\VSCode-win32-ia32-1.77.0\resources\app\out\vs\workbench\api\node\extensionHostProcess.js:98:125211)
    at m.executeCommand (d:\Downloads\VSCode-win32-ia32-1.77.0\resources\app\out\vs\workbench\api\node\extensionHostProcess.js:98:124587)
    at L.registerCommand.description (d:\Downloads\VSCode-win32-ia32-1.77.0\resources\app\out\vs\workbench\api\node\extensionHostProcess.js:98:123880)
    at m.h (d:\Downloads\VSCode-win32-ia32-1.77.0\resources\app\out\vs\workbench\api\node\extensionHostProcess.js:98:125797)
    at m.g (d:\Downloads\VSCode-win32-ia32-1.77.0\resources\app\out\vs\workbench\api\node\extensionHostProcess.js:98:124687)
    at m.executeCommand (d:\Downloads\VSCode-win32-ia32-1.77.0\resources\app\out\vs\workbench\api\node\extensionHostProcess.js:98:124587)
    at Object.executeCommand (d:\Downloads\VSCode-win32-ia32-1.77.0\resources\app\out\vs\workbench\api\node\extensionHostProcess.js:114:23801)
    at Object.dispose (d:\Downloads\VSCode-win32-ia32-1.77.0\data\extensions\tabnine.tabnine-vscode-3.6.43\out\extension.js:17:100996)
    at d:\Downloads\VSCode-win32-ia32-1.77.0\data\extensions\tabnine.tabnine-vscode-3.6.43\out\extension.js:17:30354
    at Array.forEach (<anonymous>)
    at f (d:\Downloads\VSCode-win32-ia32-1.77.0\data\extensions\tabnine.tabnine-vscode-3.6.43\out\extension.js:17:30339)
    at Object.dispose (d:\Downloads\VSCode-win32-ia32-1.77.0\data\extensions\tabnine.tabnine-vscode-3.6.43\out\extension.js:17:29757)
    at C (d:\Downloads\VSCode-win32-ia32-1.77.0\resources\app\out\vs\workbench\api\node\extensionHostProcess.js:10:12084)
    at E.Y (d:\Downloads\VSCode-win32-ia32-1.77.0\resources\app\out\vs\workbench\api\node\extensionHostProcess.js:110:11147)
    at d:\Downloads\VSCode-win32-ia32-1.77.0\resources\app\out\vs\workbench\api\node\extensionHostProcess.js:110:9131
    at Array.map (<anonymous>)
    at E.R (d:\Downloads\VSCode-win32-ia32-1.77.0\resources\app\out\vs\workbench\api\node\extensionHostProcess.js:110:9118)
    at E.terminate (d:\Downloads\VSCode-win32-ia32-1.77.0\resources\app\out\vs\workbench\api\node\extensionHostProcess.js:110:9389)
    at d.terminate (d:\Downloads\VSCode-win32-ia32-1.77.0\resources\app\out\vs\workbench\api\node\extensionHostProcess.js:114:1544)
    at p (d:\Downloads\VSCode-win32-ia32-1.77.0\resources\app\out\vs\workbench\api\node\extensionHostProcess.js:124:18690)
    at MessagePortMain.<anonymous> (d:\Downloads\VSCode-win32-ia32-1.77.0\resources\app\out\vs\workbench\api\node\extensionHostProcess.js:124:14829)
    at MessagePortMain.emit (node:events:526:28)
    at Object.MessagePortMain._internalPort.emit (node:electron/js2c/utility_init:5:364) setContext undefined
2023-03-31 10:05:27.083 [error] Canceled: Canceled
    at new l (d:\Downloads\VSCode-win32-ia32-1.77.0\resources\app\out\vs\workbench\api\node\extensionHostProcess.js:98:105190)
    at c.O (d:\Downloads\VSCode-win32-ia32-1.77.0\resources\app\out\vs\workbench\api\node\extensionHostProcess.js:108:11692)
    at Proxy.G.<computed>.Q.charCodeAt.G.<computed> (d:\Downloads\VSCode-win32-ia32-1.77.0\resources\app\out\vs\workbench\api\node\extensionHostProcess.js:108:8967)
    at m.g (d:\Downloads\VSCode-win32-ia32-1.77.0\resources\app\out\vs\workbench\api\node\extensionHostProcess.js:98:125211)
    at m.executeCommand (d:\Downloads\VSCode-win32-ia32-1.77.0\resources\app\out\vs\workbench\api\node\extensionHostProcess.js:98:124587)
    at L.registerCommand.description (d:\Downloads\VSCode-win32-ia32-1.77.0\resources\app\out\vs\workbench\api\node\extensionHostProcess.js:98:123880)
    at m.h (d:\Downloads\VSCode-win32-ia32-1.77.0\resources\app\out\vs\workbench\api\node\extensionHostProcess.js:98:125797)
    at m.g (d:\Downloads\VSCode-win32-ia32-1.77.0\resources\app\out\vs\workbench\api\node\extensionHostProcess.js:98:124687)
    at m.executeCommand (d:\Downloads\VSCode-win32-ia32-1.77.0\resources\app\out\vs\workbench\api\node\extensionHostProcess.js:98:124587)
    at Object.executeCommand (d:\Downloads\VSCode-win32-ia32-1.77.0\resources\app\out\vs\workbench\api\node\extensionHostProcess.js:114:23801)
    at Object.dispose (d:\Downloads\VSCode-win32-ia32-1.77.0\data\extensions\wallabyjs.quokka-vscode-1.0.529\dist\index.js:6:72826)
    at d:\Downloads\VSCode-win32-ia32-1.77.0\data\extensions\wallabyjs.quokka-vscode-1.0.529\dist\index.js:6:13435
    at Array.forEach (<anonymous>)
    at t.exports.dispose (d:\Downloads\VSCode-win32-ia32-1.77.0\data\extensions\wallabyjs.quokka-vscode-1.0.529\dist\index.js:6:13422)
    at P.deactivate (d:\Downloads\VSCode-win32-ia32-1.77.0\data\extensions\wallabyjs.quokka-vscode-1.0.529\dist\index.js:6:74093)
    at Object.dispose (d:\Downloads\VSCode-win32-ia32-1.77.0\data\extensions\wallabyjs.quokka-vscode-1.0.529\dist\index.js:6:1096)
    at d:\Downloads\VSCode-win32-ia32-1.77.0\data\extensions\wallabyjs.quokka-vscode-1.0.529\dist\index.js:6:13435
    at Array.forEach (<anonymous>)
    at t.exports.dispose (d:\Downloads\VSCode-win32-ia32-1.77.0\data\extensions\wallabyjs.quokka-vscode-1.0.529\dist\index.js:6:13422)
    at h.deactivate (d:\Downloads\VSCode-win32-ia32-1.77.0\data\extensions\wallabyjs.quokka-vscode-1.0.529\dist\index.js:6:3331)
    at Object.dispose (d:\Downloads\VSCode-win32-ia32-1.77.0\data\extensions\wallabyjs.quokka-vscode-1.0.529\dist\index.js:6:3406)
    at C (d:\Downloads\VSCode-win32-ia32-1.77.0\resources\app\out\vs\workbench\api\node\extensionHostProcess.js:10:12084)
    at E.Y (d:\Downloads\VSCode-win32-ia32-1.77.0\resources\app\out\vs\workbench\api\node\extensionHostProcess.js:110:11147)
    at d:\Downloads\VSCode-win32-ia32-1.77.0\resources\app\out\vs\workbench\api\node\extensionHostProcess.js:110:9131
    at Array.map (<anonymous>)
    at E.R (d:\Downloads\VSCode-win32-ia32-1.77.0\resources\app\out\vs\workbench\api\node\extensionHostProcess.js:110:9118)
    at E.terminate (d:\Downloads\VSCode-win32-ia32-1.77.0\resources\app\out\vs\workbench\api\node\extensionHostProcess.js:110:9389)
    at d.terminate (d:\Downloads\VSCode-win32-ia32-1.77.0\resources\app\out\vs\workbench\api\node\extensionHostProcess.js:114:1544)
    at p (d:\Downloads\VSCode-win32-ia32-1.77.0\resources\app\out\vs\workbench\api\node\extensionHostProcess.js:124:18690)
    at MessagePortMain.<anonymous> (d:\Downloads\VSCode-win32-ia32-1.77.0\resources\app\out\vs\workbench\api\node\extensionHostProcess.js:124:14829)
    at MessagePortMain.emit (node:events:526:28)
    at Object.MessagePortMain._internalPort.emit (node:electron/js2c/utility_init:5:364) setContext undefined
2023-03-31 10:05:27.384 [info] Extension host with pid 27208 exiting with code 0
