2023-03-31 09:53:03.857 [info] Reading sessions from secret storage...
2023-03-31 09:53:03.857 [error] Error: Unable to parse decrypted password
    at C.$getPassword (vscode-file://vscode-app/d:/Downloads/VSCode-win32-ia32-1.77.0/resources/app/out/vs/workbench/workbench.desktop.main.js:1586:49370)
2023-03-31 09:53:03.857 [info] Got 0 stored sessions
2023-03-31 09:53:03.857 [info] Getting sessions for all scopes...
2023-03-31 09:53:03.857 [info] Got 0 sessions for all scopes...
2023-03-31 09:53:03.857 [info] Getting sessions for the following scopes: email offline_access openid profile
2023-03-31 09:53:03.857 [info] Got 0 sessions for scopes: email offline_access openid profile
2023-03-31 09:56:58.971 [info] Reading sessions from secret storage...
2023-03-31 09:56:58.972 [error] Error: Unable to parse decrypted password
    at C.$getPassword (vscode-file://vscode-app/d:/Downloads/VSCode-win32-ia32-1.77.0/resources/app/out/vs/workbench/workbench.desktop.main.js:1586:49370)
2023-03-31 09:56:58.972 [info] Got 0 stored sessions
2023-03-31 09:56:58.972 [info] Getting sessions for all scopes...
2023-03-31 09:56:58.973 [info] Got 0 sessions for all scopes...
2023-03-31 09:56:58.973 [info] Getting sessions for the following scopes: email offline_access openid profile
2023-03-31 09:56:58.973 [info] Got 0 sessions for scopes: email offline_access openid profile
2023-03-31 10:04:24.978 [info] Reading sessions from secret storage...
2023-03-31 10:04:24.978 [error] Error: Unable to parse decrypted password
    at C.$getPassword (vscode-file://vscode-app/d:/Downloads/VSCode-win32-ia32-1.77.0/resources/app/out/vs/workbench/workbench.desktop.main.js:1586:49370)
2023-03-31 10:04:24.978 [info] Got 0 stored sessions
2023-03-31 10:04:24.985 [info] Getting sessions for all scopes...
2023-03-31 10:04:24.985 [info] Got 0 sessions for all scopes...
2023-03-31 10:04:24.986 [info] Getting sessions for the following scopes: email offline_access openid profile
2023-03-31 10:04:24.986 [info] Got 0 sessions for scopes: email offline_access openid profile
