2023-03-31 09:52:59.580 [warning] Via 'product.json#extensionEnabledApiProposals' extension 'ms-vscode.vscode-selfhost-test-provider' wants API proposal 'testContinuousRun' but that proposal DOES NOT EXIST. Likely, the proposal has been finalized (check 'vscode.d.ts') or was abandoned.
2023-03-31 09:52:59.599 [warning] Via 'product.json#extensionEnabledApiProposals' extension 'ms-vscode.remote-repositories' wants API proposal 'contribEditorGutterMenu' but that proposal DOES NOT EXIST. Likely, the proposal has been finalized (check 'vscode.d.ts') or was abandoned.
2023-03-31 09:52:59.599 [warning] Via 'product.json#extensionEnabledApiProposals' extension 'github.vscode-pull-request-github' wants API proposal 'contribEditorGutterMenu' but that proposal DOES NOT EXIST. Likely, the proposal has been finalized (check 'vscode.d.ts') or was abandoned.
2023-03-31 09:52:59.600 [warning] Via 'product.json#extensionEnabledApiProposals' extension 'ms-toolsai.jupyter' wants API proposal 'notebookControllerKind' but that proposal DOES NOT EXIST. Likely, the proposal has been finalized (check 'vscode.d.ts') or was abandoned.
2023-03-31 09:53:03.238 [info] [perf] Render performance baseline is 113ms
2023-03-31 09:53:03.455 [error] SyntaxError: Unexpected token A in JSON at position 0
    at JSON.parse (<anonymous>)
    at C.$getPassword (vscode-file://vscode-app/d:/Downloads/VSCode-win32-ia32-1.77.0/resources/app/out/vs/workbench/workbench.desktop.main.js:1586:49218)
2023-03-31 09:55:18.008 [error] [xabikos.JavaScriptSnippets]: `contributes.JavaScriptSnippets.language` 中的不明語言。提供的值: vue
2023-03-31 09:56:14.907 [error] Extension 'tabnine.tabnine-vscode' wants API proposal 'inlineCompletions' but that proposal DOES NOT EXIST. Likely, the proposal has been finalized (check 'vscode.d.ts') or was abandoned.
2023-03-31 09:56:29.760 [error] [Extension Host] (node:24428) [DEP0005] DeprecationWarning: Buffer() is deprecated due to security and usability issues. Please use the Buffer.alloc(), Buffer.allocUnsafe(), or Buffer.from() methods instead.
(Use `Code --trace-deprecation ...` to show where the warning was created)
2023-03-31 09:56:38.141 [error] [Extension Host] Error: Binary request timed out. {"State":{}}
	at Timeout._onTimeout (d:\Downloads\VSCode-win32-ia32-1.77.0\data\extensions\tabnine.tabnine-vscode-3.6.43\out\extension.js:17:33113)
	at listOnTimeout (node:internal/timers:559:17)
	at process.processTimers (node:internal/timers:502:7)
2023-03-31 09:56:50.377 [warning] Via 'product.json#extensionEnabledApiProposals' extension 'ms-vscode.vscode-selfhost-test-provider' wants API proposal 'testContinuousRun' but that proposal DOES NOT EXIST. Likely, the proposal has been finalized (check 'vscode.d.ts') or was abandoned.
2023-03-31 09:56:50.398 [warning] Via 'product.json#extensionEnabledApiProposals' extension 'ms-vscode.remote-repositories' wants API proposal 'contribEditorGutterMenu' but that proposal DOES NOT EXIST. Likely, the proposal has been finalized (check 'vscode.d.ts') or was abandoned.
2023-03-31 09:56:50.398 [warning] Via 'product.json#extensionEnabledApiProposals' extension 'github.vscode-pull-request-github' wants API proposal 'contribEditorGutterMenu' but that proposal DOES NOT EXIST. Likely, the proposal has been finalized (check 'vscode.d.ts') or was abandoned.
2023-03-31 09:56:50.398 [warning] Via 'product.json#extensionEnabledApiProposals' extension 'ms-toolsai.jupyter' wants API proposal 'notebookControllerKind' but that proposal DOES NOT EXIST. Likely, the proposal has been finalized (check 'vscode.d.ts') or was abandoned.
2023-03-31 09:56:51.073 [error] Extension 'tabnine.tabnine-vscode' wants API proposal 'inlineCompletions' but that proposal DOES NOT EXIST. Likely, the proposal has been finalized (check 'vscode.d.ts') or was abandoned.
2023-03-31 09:56:54.143 [info] [perf] Render performance baseline is 137ms
2023-03-31 09:56:58.724 [error] SyntaxError: Unexpected token A in JSON at position 0
    at JSON.parse (<anonymous>)
    at C.$getPassword (vscode-file://vscode-app/d:/Downloads/VSCode-win32-ia32-1.77.0/resources/app/out/vs/workbench/workbench.desktop.main.js:1586:49218)
2023-03-31 09:57:00.322 [error] [Extension Host] validating d:\Downloads\VSCode-win32-ia32-1.77.0\data\user-data\User\globalStorage\tabnine.tabnine-vscode\binaries\4.4.273\i686-pc-windows-gnu\TabNine.exe timeout
2023-03-31 09:57:02.879 [error] [Extension Host] Error: Binary request timed out. {"State":{}}
	at Timeout._onTimeout (d:\Downloads\VSCode-win32-ia32-1.77.0\data\extensions\tabnine.tabnine-vscode-3.6.43\out\extension.js:17:33113)
	at listOnTimeout (node:internal/timers:559:17)
	at process.processTimers (node:internal/timers:502:7)
2023-03-31 10:04:16.802 [warning] Via 'product.json#extensionEnabledApiProposals' extension 'ms-vscode.vscode-selfhost-test-provider' wants API proposal 'testContinuousRun' but that proposal DOES NOT EXIST. Likely, the proposal has been finalized (check 'vscode.d.ts') or was abandoned.
2023-03-31 10:04:16.822 [warning] Via 'product.json#extensionEnabledApiProposals' extension 'ms-vscode.remote-repositories' wants API proposal 'contribEditorGutterMenu' but that proposal DOES NOT EXIST. Likely, the proposal has been finalized (check 'vscode.d.ts') or was abandoned.
2023-03-31 10:04:16.823 [warning] Via 'product.json#extensionEnabledApiProposals' extension 'github.vscode-pull-request-github' wants API proposal 'contribEditorGutterMenu' but that proposal DOES NOT EXIST. Likely, the proposal has been finalized (check 'vscode.d.ts') or was abandoned.
2023-03-31 10:04:16.823 [warning] Via 'product.json#extensionEnabledApiProposals' extension 'ms-toolsai.jupyter' wants API proposal 'notebookControllerKind' but that proposal DOES NOT EXIST. Likely, the proposal has been finalized (check 'vscode.d.ts') or was abandoned.
2023-03-31 10:04:17.520 [error] Extension 'tabnine.tabnine-vscode' wants API proposal 'inlineCompletions' but that proposal DOES NOT EXIST. Likely, the proposal has been finalized (check 'vscode.d.ts') or was abandoned.
2023-03-31 10:04:20.461 [info] [perf] Render performance baseline is 97ms
2023-03-31 10:04:23.670 [info] UNRESPONSIVE extension host: received responsive event and cancelling profiling session
2023-03-31 10:04:24.200 [info] UNRESPONSIVE extension host: starting to profile NOW
2023-03-31 10:04:24.305 [warning] UNRESPONSIVE extension host: 'vscode.emmet' took 81.32331378299119% of 4.437ms, saved PROFILE here: 'file:///c%3A/Users/adu22/AppData/Local/Temp/exthost-e41855.cpuprofile'
2023-03-31 10:04:24.949 [error] SyntaxError: Unexpected token A in JSON at position 0
    at JSON.parse (<anonymous>)
    at C.$getPassword (vscode-file://vscode-app/d:/Downloads/VSCode-win32-ia32-1.77.0/resources/app/out/vs/workbench/workbench.desktop.main.js:1586:49218)
2023-03-31 10:04:25.634 [error] [Extension Host] validating d:\Downloads\VSCode-win32-ia32-1.77.0\data\user-data\User\globalStorage\tabnine.tabnine-vscode\binaries\4.4.273\i686-pc-windows-gnu\TabNine.exe timeout
2023-03-31 10:04:29.057 [error] [Extension Host] Error: Binary request timed out. {"State":{}}
    at Timeout._onTimeout (d:\Downloads\VSCode-win32-ia32-1.77.0\data\extensions\tabnine.tabnine-vscode-3.6.43\out\extension.js:17:33113)
    at listOnTimeout (node:internal/timers:559:17)
    at processTimers (node:internal/timers:502:7)
2023-03-31 10:05:04.702 [warning] Settings pattern "application.*" doesn't match any settings
