2023-03-31 09:53:00.042 [info] Added views:workbench.panel.markers.view in workbench.panel.markers
2023-03-31 09:53:00.043 [info] Added views:workbench.panel.output in workbench.panel.output
2023-03-31 09:53:00.043 [info] Added views:terminal in terminal
2023-03-31 09:53:00.043 [info] Added views:outline in workbench.view.explorer
2023-03-31 09:53:00.043 [info] Added views:workbench.scm in workbench.view.scm
2023-03-31 09:53:00.043 [info] Added views:workbench.view.search in workbench.view.search
2023-03-31 09:53:00.043 [info] Added views:timeline in workbench.view.explorer
2023-03-31 09:53:00.043 [info] Added views:workbench.explorer.emptyView in workbench.view.explorer
2023-03-31 09:53:01.243 [info] Added views:workbench.debug.welcome in workbench.view.debug
2023-03-31 09:53:01.255 [info] Added views:workbench.panel.repl.view in workbench.panel.repl
2023-03-31 09:53:02.722 [info] Added views:workbench.views.extensions.installed,workbench.views.extensions.popular,extensions.recommendedList in workbench.view.extensions
2023-03-31 09:53:02.726 [info] Removed views:workbench.views.extensions.popular from workbench.view.extensions
2023-03-31 09:53:07.950 [info] Removed views:extensions.recommendedList,workbench.views.extensions.installed from workbench.view.extensions
2023-03-31 09:53:07.973 [info] Added views:workbench.views.extensions.marketplace in workbench.view.extensions
2023-03-31 09:53:08.834 [info] Removed views:workbench.views.extensions.marketplace from workbench.view.extensions
2023-03-31 09:53:08.847 [info] Added views:workbench.views.extensions.installed,extensions.recommendedList in workbench.view.extensions
2023-03-31 09:53:10.941 [info] Removed views:extensions.recommendedList,workbench.views.extensions.installed from workbench.view.extensions
2023-03-31 09:53:10.962 [info] Added views:workbench.views.extensions.marketplace in workbench.view.extensions
2023-03-31 09:56:15.520 [info] Added views:workbench.panel.comments in workbench.panel.comments
2023-03-31 09:56:37.155 [info] Added views:tabnine-home in workbench.view.extension.tabnine-access
2023-03-31 09:56:37.161 [info] Added views:tabnine-notifications in workbench.view.extension.tabnine-access
2023-03-31 09:56:37.164 [info] Added views:tabnine-today in workbench.view.extension.tabnine-access
2023-03-31 09:56:42.512 [info] Removed views:workbench.views.extensions.marketplace from workbench.view.extensions
2023-03-31 09:56:42.527 [info] Added views:workbench.views.extensions.installed,extensions.recommendedList in workbench.view.extensions
2023-03-31 09:56:50.783 [info] Added views:workbench.panel.markers.view in workbench.panel.markers
2023-03-31 09:56:50.783 [info] Added views:workbench.panel.output in workbench.panel.output
2023-03-31 09:56:50.784 [info] Added views:terminal in terminal
2023-03-31 09:56:50.784 [info] Added views:outline in workbench.view.explorer
2023-03-31 09:56:50.784 [info] Added views:workbench.scm in workbench.view.scm
2023-03-31 09:56:50.784 [info] Added views:workbench.view.search in workbench.view.search
2023-03-31 09:56:50.784 [info] Added views:timeline in workbench.view.explorer
2023-03-31 09:56:50.784 [info] Added views:workbench.explorer.emptyView in workbench.view.explorer
2023-03-31 09:56:51.516 [info] Added views:workbench.debug.welcome in workbench.view.debug
2023-03-31 09:56:51.982 [info] Added views:workbench.panel.repl.view in workbench.panel.repl
2023-03-31 09:56:52.475 [info] Added views:workbench.views.extensions.installed,extensions.recommendedList in workbench.view.extensions
2023-03-31 09:56:52.804 [info] Added views:workbench.panel.comments in workbench.panel.comments
2023-03-31 09:57:01.873 [info] Added views:tabnine-home in workbench.view.extension.tabnine-access
2023-03-31 09:57:01.876 [info] Added views:tabnine-notifications in workbench.view.extension.tabnine-access
2023-03-31 09:57:01.904 [info] Added views:tabnine-today in workbench.view.extension.tabnine-access
2023-03-31 09:57:21.148 [info] Removed views:extensions.recommendedList,workbench.views.extensions.installed from workbench.view.extensions
2023-03-31 09:57:21.172 [info] Added views:workbench.views.extensions.marketplace in workbench.view.extensions
2023-03-31 09:57:21.603 [info] Removed views:workbench.views.extensions.marketplace from workbench.view.extensions
2023-03-31 09:57:21.615 [info] Added views:workbench.views.extensions.installed,extensions.recommendedList in workbench.view.extensions
2023-03-31 09:57:23.031 [info] Removed views:extensions.recommendedList,workbench.views.extensions.installed from workbench.view.extensions
2023-03-31 09:57:23.057 [info] Added views:workbench.views.extensions.marketplace in workbench.view.extensions
2023-03-31 09:58:01.565 [info] Removed views:workbench.views.extensions.marketplace from workbench.view.extensions
2023-03-31 09:58:01.576 [info] Added views:workbench.views.extensions.installed,extensions.recommendedList in workbench.view.extensions
2023-03-31 09:58:36.826 [info] Removed views:extensions.recommendedList,workbench.views.extensions.installed from workbench.view.extensions
2023-03-31 09:58:36.896 [info] Added views:workbench.views.extensions.marketplace in workbench.view.extensions
2023-03-31 09:59:19.290 [info] Removed views:workbench.views.extensions.marketplace from workbench.view.extensions
2023-03-31 09:59:19.352 [info] Added views:workbench.views.extensions.installed,extensions.recommendedList in workbench.view.extensions
2023-03-31 09:59:34.261 [info] Removed views:extensions.recommendedList,workbench.views.extensions.installed from workbench.view.extensions
2023-03-31 09:59:34.283 [info] Added views:workbench.views.extensions.marketplace in workbench.view.extensions
2023-03-31 10:01:11.026 [info] Removed views:workbench.views.extensions.marketplace from workbench.view.extensions
2023-03-31 10:01:11.059 [info] Added views:workbench.views.extensions.installed,extensions.recommendedList in workbench.view.extensions
2023-03-31 10:01:12.871 [info] Removed views:extensions.recommendedList,workbench.views.extensions.installed from workbench.view.extensions
2023-03-31 10:01:12.894 [info] Added views:workbench.views.extensions.marketplace in workbench.view.extensions
2023-03-31 10:04:17.228 [info] Added views:workbench.panel.markers.view in workbench.panel.markers
2023-03-31 10:04:17.228 [info] Added views:workbench.panel.output in workbench.panel.output
2023-03-31 10:04:17.228 [info] Added views:terminal in terminal
2023-03-31 10:04:17.228 [info] Added views:outline in workbench.view.explorer
2023-03-31 10:04:17.228 [info] Added views:workbench.scm in workbench.view.scm
2023-03-31 10:04:17.228 [info] Added views:workbench.view.search in workbench.view.search
2023-03-31 10:04:17.228 [info] Added views:timeline in workbench.view.explorer
2023-03-31 10:04:17.228 [info] Added views:workbench.explorer.fileView in workbench.view.explorer
2023-03-31 10:04:18.097 [info] Added views:workbench.debug.variablesView,workbench.debug.watchExpressionsView,workbench.debug.callStackView,workbench.debug.breakPointsView in workbench.view.debug
2023-03-31 10:04:18.158 [info] Added views:workbench.panel.repl.view in workbench.panel.repl
2023-03-31 10:04:18.162 [info] Removed views:workbench.debug.breakPointsView,workbench.debug.callStackView,workbench.debug.watchExpressionsView,workbench.debug.variablesView from workbench.view.debug
2023-03-31 10:04:18.163 [info] Added views:workbench.debug.welcome in workbench.view.debug
2023-03-31 10:04:18.710 [info] Added views:workbench.panel.comments in workbench.panel.comments
2023-03-31 10:04:28.058 [info] Added views:tabnine-home in workbench.view.extension.tabnine-access
2023-03-31 10:04:28.063 [info] Added views:tabnine-notifications in workbench.view.extension.tabnine-access
2023-03-31 10:04:28.066 [info] Added views:tabnine-today in workbench.view.extension.tabnine-access
2023-03-31 10:04:55.795 [info] Added views:workbench.views.extensions.installed,workbench.views.extensions.popular,extensions.recommendedList in workbench.view.extensions
2023-03-31 10:04:55.798 [info] Removed views:workbench.views.extensions.popular from workbench.view.extensions
