2023-03-31 09:45:56.148 [warning] Via 'product.json#extensionEnabledApiProposals' extension 'ms-vscode.vscode-selfhost-test-provider' wants API proposal 'testContinuousRun' but that proposal DOES NOT EXIST. Likely, the proposal has been finalized (check 'vscode.d.ts') or was abandoned.
2023-03-31 09:45:56.169 [warning] Via 'product.json#extensionEnabledApiProposals' extension 'ms-vscode.remote-repositories' wants API proposal 'contribEditorGutterMenu' but that proposal DOES NOT EXIST. Likely, the proposal has been finalized (check 'vscode.d.ts') or was abandoned.
2023-03-31 09:45:56.172 [warning] Via 'product.json#extensionEnabledApiProposals' extension 'github.vscode-pull-request-github' wants API proposal 'contribEditorGutterMenu' but that proposal DOES NOT EXIST. Likely, the proposal has been finalized (check 'vscode.d.ts') or was abandoned.
2023-03-31 09:45:56.175 [warning] Via 'product.json#extensionEnabledApiProposals' extension 'ms-toolsai.jupyter' wants API proposal 'notebookControllerKind' but that proposal DOES NOT EXIST. Likely, the proposal has been finalized (check 'vscode.d.ts') or was abandoned.
2023-03-31 09:45:59.561 [error] SyntaxError: Unexpected token A in JSON at position 0
    at JSON.parse (<anonymous>)
    at C.$getPassword (vscode-file://vscode-app/d:/Downloads/VSCode-win32-ia32-1.77.0/resources/app/out/vs/workbench/workbench.desktop.main.js:1586:49218)
2023-03-31 09:45:59.859 [info] [perf] Render performance baseline is 102ms
2023-03-31 09:48:33.152 [error] Extension 'tabnine.tabnine-vscode' wants API proposal 'inlineCompletions' but that proposal DOES NOT EXIST. Likely, the proposal has been finalized (check 'vscode.d.ts') or was abandoned.
2023-03-31 09:48:40.906 [info] UNRESPONSIVE extension host: starting to profile NOW
2023-03-31 09:48:41.234 [info] UNRESPONSIVE extension host: received responsive event and cancelling profiling session
2023-03-31 09:48:49.190 [error] [Extension Host] Error: Binary request timed out. {"Event":{"name":"getting-started-closed"}}
	at Timeout._onTimeout (d:\Downloads\VSCode-win32-ia32-1.77.0\data\extensions\tabnine.tabnine-vscode-3.6.43\out\extension.js:17:33113)
	at listOnTimeout (node:internal/timers:559:17)
	at process.processTimers (node:internal/timers:502:7)
2023-03-31 09:48:51.728 [error] [Extension Host] (node:10360) [DEP0005] DeprecationWarning: Buffer() is deprecated due to security and usability issues. Please use the Buffer.alloc(), Buffer.allocUnsafe(), or Buffer.from() methods instead.
(Use `Code --trace-deprecation ...` to show where the warning was created)
2023-03-31 09:48:59.308 [error] [Extension Host] Error: Binary request timed out. {"State":{}}
	at Timeout._onTimeout (d:\Downloads\VSCode-win32-ia32-1.77.0\data\extensions\tabnine.tabnine-vscode-3.6.43\out\extension.js:17:33113)
	at listOnTimeout (node:internal/timers:559:17)
	at process.processTimers (node:internal/timers:502:7)
2023-03-31 09:50:06.050 [info] UNRESPONSIVE extension host: starting to profile NOW
2023-03-31 09:50:06.440 [error] [Extension Host] Failed to load message bundle for file d:\Downloads\VSCode-win32-ia32-1.77.0\data\extensions\ms-edgedevtools.vscode-edge-devtools-2.1.1\out\extension
2023-03-31 09:50:06.443 [error] [Extension Host] Failed to load message bundle for file d:\Downloads\VSCode-win32-ia32-1.77.0\data\extensions\ms-edgedevtools.vscode-edge-devtools-2.1.1\out\extension
2023-03-31 09:50:06.463 [error] [Extension Host] Failed to load message bundle for file d:\Downloads\VSCode-win32-ia32-1.77.0\data\extensions\ms-edgedevtools.vscode-edge-devtools-2.1.1\out\extension
2023-03-31 09:50:06.464 [error] [Extension Host] Failed to load message bundle for file d:\Downloads\VSCode-win32-ia32-1.77.0\data\extensions\ms-edgedevtools.vscode-edge-devtools-2.1.1\out\extension
2023-03-31 09:50:06.473 [error] [Extension Host] Failed to load message bundle for file d:\Downloads\VSCode-win32-ia32-1.77.0\data\extensions\ms-edgedevtools.vscode-edge-devtools-2.1.1\out\extension
2023-03-31 09:50:06.474 [error] [Extension Host] Failed to load message bundle for file d:\Downloads\VSCode-win32-ia32-1.77.0\data\extensions\ms-edgedevtools.vscode-edge-devtools-2.1.1\out\extension
2023-03-31 09:50:06.475 [error] [Extension Host] Failed to load message bundle for file d:\Downloads\VSCode-win32-ia32-1.77.0\data\extensions\ms-edgedevtools.vscode-edge-devtools-2.1.1\out\extension
2023-03-31 09:50:06.477 [error] [Extension Host] Failed to load message bundle for file d:\Downloads\VSCode-win32-ia32-1.77.0\data\extensions\ms-edgedevtools.vscode-edge-devtools-2.1.1\out\extension
2023-03-31 09:50:09.426 [info] UNRESPONSIVE extension host: received responsive event and cancelling profiling session
2023-03-31 09:50:10.472 [warning] UNRESPONSIVE extension host: 'ms-vsliveshare.vsliveshare' took 23.465627153916564% of 792.908ms, saved PROFILE here: 'file:///c%3A/Users/adu22/AppData/Local/Temp/exthost-5a67e0.cpuprofile'
