2023-03-31 09:45:56.666 [info] Added views:workbench.panel.markers.view in workbench.panel.markers
2023-03-31 09:45:56.666 [info] Added views:workbench.panel.output in workbench.panel.output
2023-03-31 09:45:56.666 [info] Added views:terminal in terminal
2023-03-31 09:45:56.666 [info] Added views:outline in workbench.view.explorer
2023-03-31 09:45:56.666 [info] Added views:workbench.scm in workbench.view.scm
2023-03-31 09:45:56.666 [info] Added views:workbench.view.search in workbench.view.search
2023-03-31 09:45:56.666 [info] Added views:timeline in workbench.view.explorer
2023-03-31 09:45:56.666 [info] Added views:workbench.explorer.emptyView in workbench.view.explorer
2023-03-31 09:45:58.162 [info] Added views:workbench.debug.welcome in workbench.view.debug
2023-03-31 09:45:58.219 [info] Added views:workbench.panel.repl.view in workbench.panel.repl
2023-03-31 09:45:59.989 [info] Added views:workbench.views.extensions.installed,workbench.views.extensions.popular,extensions.recommendedList in workbench.view.extensions
2023-03-31 09:45:59.991 [info] Removed views:workbench.views.extensions.popular from workbench.view.extensions
2023-03-31 09:46:01.507 [info] Removed views:extensions.recommendedList,workbench.views.extensions.installed from workbench.view.extensions
2023-03-31 09:46:01.530 [info] Added views:workbench.views.extensions.marketplace in workbench.view.extensions
2023-03-31 09:47:38.279 [info] Removed views:workbench.views.extensions.marketplace from workbench.view.extensions
2023-03-31 09:47:38.310 [info] Added views:workbench.views.extensions.installed,extensions.recommendedList in workbench.view.extensions
2023-03-31 09:47:57.876 [info] Removed views:extensions.recommendedList,workbench.views.extensions.installed from workbench.view.extensions
2023-03-31 09:47:57.898 [info] Added views:workbench.views.extensions.marketplace in workbench.view.extensions
2023-03-31 09:48:34.168 [info] Added views:workbench.panel.comments in workbench.panel.comments
2023-03-31 09:48:58.310 [info] Added views:tabnine-home in workbench.view.extension.tabnine-access
2023-03-31 09:48:58.316 [info] Added views:tabnine-notifications in workbench.view.extension.tabnine-access
2023-03-31 09:48:58.319 [info] Added views:tabnine-today in workbench.view.extension.tabnine-access
2023-03-31 09:49:52.359 [info] Removed views:workbench.views.extensions.marketplace from workbench.view.extensions
2023-03-31 09:49:52.373 [info] Added views:workbench.views.extensions.installed,extensions.recommendedList in workbench.view.extensions
2023-03-31 09:50:01.351 [info] Added views:notes in workbench.view.extension.vscode-notes
2023-03-31 09:50:01.353 [info] Added views:gitlens.views.home,gitlens.views.contributors in workbench.view.extension.gitlens
2023-03-31 09:50:01.357 [info] Added views:gitlens.views.commits,gitlens.views.commitDetails,gitlens.views.fileHistory,gitlens.views.branches,gitlens.views.remotes,gitlens.views.stashes,gitlens.views.tags,gitlens.views.searchAndCompare in workbench.view.scm
2023-03-31 09:50:01.360 [info] Added views:fileAnchors,workspaceAnchors,epicAnchors in workbench.view.extension.comment-anchors
2023-03-31 09:50:01.363 [info] Added views:snippetExplorer in workbench.view.extension.snippet-explorer
2023-03-31 09:50:01.375 [info] Added views:checkpointsTreeViewExplorer in workbench.view.explorer
2023-03-31 09:50:01.377 [info] Added views:vscode-edge-devtools-view.targets,vscode-edge-devtools-view.help-links in workbench.view.extension.vscode-edge-devtools-view
2023-03-31 09:50:01.381 [info] Added views:gistpad.gists,gistpad.repos in workbench.view.extension.gistpad
2023-03-31 09:50:09.285 [info] Removed views:gitlens.views.contributors from workbench.view.extension.gitlens
2023-03-31 09:50:09.286 [info] Removed views:gitlens.views.searchAndCompare,gitlens.views.tags,gitlens.views.stashes,gitlens.views.remotes,gitlens.views.branches,gitlens.views.fileHistory,gitlens.views.commitDetails,gitlens.views.commits from workbench.view.scm
2023-03-31 09:50:11.652 [info] Added views:liveshare.session,liveshare.contacts in workbench.view.extension.liveshare
2023-03-31 09:50:26.022 [info] Removed views:extensions.recommendedList,workbench.views.extensions.installed from workbench.view.extensions
2023-03-31 09:50:26.048 [info] Added views:workbench.views.extensions.marketplace in workbench.view.extensions
2023-03-31 09:51:32.662 [info] Removed views:workbench.views.extensions.marketplace from workbench.view.extensions
2023-03-31 09:51:32.692 [info] Added views:workbench.views.extensions.installed,extensions.recommendedList in workbench.view.extensions
2023-03-31 09:51:52.249 [info] Removed views:checkpointsTreeViewExplorer from workbench.view.explorer
